current directory: /home/runner/work/R-PUFF/R-PUFF/.vendor/bundle/ruby/3.2.0/gems/racc-1.7.3/ext/racc/cparse
/opt/hostedtoolcache/Ruby/3.2.2/x64/bin/ruby extconf.rb
creating Makefile

current directory: /home/runner/work/R-PUFF/R-PUFF/.vendor/bundle/ruby/3.2.0/gems/racc-1.7.3/ext/racc/cparse
make DESTDIR\= sitearchdir\=./.gem.20231219-12513-ilqy5o sitelibdir\=./.gem.20231219-12513-ilqy5o clean
make[1]: Entering directory '/home/runner/work/R-PUFF/R-PUFF/.vendor/bundle/ruby/3.2.0/gems/racc-1.7.3/ext/racc/cparse'
Makefile:178: warning: overriding recipe for target 'clean'
ÀÙû2tU:178: warning: ignoring old recipe for target 'clean'
Makefile:185: warning: overriding recipe for target 'distclean'
ÀÙû2tU:185: warning: ignoring old recipe for target 'distclean'
Makefile:193: warning: overriding recipe for target 'install-so'
ÀÙû2tU:193: warning: ignoring old recipe for target 'install-so'
Makefile:203: warning: overriding recipe for target 'pre-install-rb-default'
ÀÙû2tU:203: warning: ignoring old recipe for target 'pre-install-rb-default'
Makefile:205: warning: overriding recipe for target '.sitearchdir.-.racc.time'
ÀÙû2tU:205: warning: ignoring old recipe for target '.sitearchdir.-.racc.time'
Makefile:215: warning: overriding recipe for target '.cc.o'
ÀÙû2tU:215: warning: ignoring old recipe for target '.cc.o'
Makefile:219: warning: overriding recipe for target '.cc.S'
ÀÙû2tU:219: warning: ignoring old recipe for target '.cc.S'
Makefile:223: warning: overriding recipe for target '.mm.o'
ÀÙû2tU:223: warning: ignoring old recipe for target '.mm.o'
Makefile:227: warning: overriding recipe for target '.mm.S'
ÀÙû2tU:227: warning: ignoring old recipe for target '.mm.S'
Makefile:231: warning: overriding recipe for target '.cxx.o'
ÀÙû2tU:231: warning: ignoring old recipe for target '.cxx.o'
Makefile:235: warning: overriding recipe for target '.cxx.S'
ÀÙû2tU:235: warning: ignoring old recipe for target '.cxx.S'
Makefile:239: warning: overriding recipe for target '.cpp.o'
ÀÙû2tU:239: warning: ignoring old recipe for target '.cpp.o'
Makefile:243: warning: overriding recipe for target '.cpp.S'
ÀÙû2tU:243: warning: ignoring old recipe for target '.cpp.S'
Makefile:247: warning: overriding recipe for target '.c.o'
ÀÙû2tU:247: warning: ignoring old recipe for target '.c.o'
Makefile:251: warning: overriding recipe for target '.c.S'
ÀÙû2tU:251: warning: ignoring old recipe for target '.c.S'
Makefile:255: warning: overriding recipe for target '.m.o'
ÀÙû2tU:255: warning: ignoring old recipe for target '.m.o'
Makefile:259: warning: overriding recipe for target '.m.S'
ÀÙû2tU:259: warning: ignoring old recipe for target '.m.S'
Makefile:263: warning: overriding recipe for target 'cparse.so'
ÀÙû2tU:263: warning: ignoring old recipe for target 'cparse.so'
make[1]: Leaving directory '/home/runner/work/R-PUFF/R-PUFF/.vendor/bundle/ruby/3.2.0/gems/racc-1.7.3/ext/racc/cparse'

current directory: /home/runner/work/R-PUFF/R-PUFF/.vendor/bundle/ruby/3.2.0/gems/racc-1.7.3/ext/racc/cparse
make DESTDIR\= sitearchdir\=./.gem.20231219-12513-ilqy5o sitelibdir\=./.gem.20231219-12513-ilqy5o
make[1]: Entering directory '/home/runner/work/R-PUFF/R-PUFF/.vendor/bundle/ruby/3.2.0/gems/racc-1.7.3/ext/racc/cparse'
Makefile:178: warning: overriding recipe for target 'clean'
À™Š JV:178: warning: ignoring old recipe for target 'clean'
Makefile:185: warning: overriding recipe for target 'distclean'
À™Š JV:185: warning: ignoring old recipe for target 'distclean'
Makefile:193: warning: overriding recipe for target 'install-so'
À™Š JV:193: warning: ignoring old recipe for target 'install-so'
Makefile:203: warning: overriding recipe for target 'pre-install-rb-default'
À™Š JV:203: warning: ignoring old recipe for target 'pre-install-rb-default'
Makefile:205: warning: overriding recipe for target '.sitearchdir.-.racc.time'
À™Š JV:205: warning: ignoring old recipe for target '.sitearchdir.-.racc.time'
Makefile:215: warning: overriding recipe for target '.cc.o'
À™Š JV:215: warning: ignoring old recipe for target '.cc.o'
Makefile:219: warning: overriding recipe for target '.cc.S'
À™Š JV:219: warning: ignoring old recipe for target '.cc.S'
Makefile:223: warning: overriding recipe for target '.mm.o'
À™Š JV:223: warning: ignoring old recipe for target '.mm.o'
Makefile:227: warning: overriding recipe for target '.mm.S'
À™Š JV:227: warning: ignoring old recipe for target '.mm.S'
Makefile:231: warning: overriding recipe for target '.cxx.o'
À™Š JV:231: warning: ignoring old recipe for target '.cxx.o'
Makefile:235: warning: overriding recipe for target '.cxx.S'
À™Š JV:235: warning: ignoring old recipe for target '.cxx.S'
Makefile:239: warning: overriding recipe for target '.cpp.o'
À™Š JV:239: warning: ignoring old recipe for target '.cpp.o'
Makefile:243: warning: overriding recipe for target '.cpp.S'
À™Š JV:243: warning: ignoring old recipe for target '.cpp.S'
Makefile:247: warning: overriding recipe for target '.c.o'
À™Š JV:247: warning: ignoring old recipe for target '.c.o'
Makefile:251: warning: overriding recipe for target '.c.S'
À™Š JV:251: warning: ignoring old recipe for target '.c.S'
Makefile:255: warning: overriding recipe for target '.m.o'
À™Š JV:255: warning: ignoring old recipe for target '.m.o'
Makefile:259: warning: overriding recipe for target '.m.S'
À™Š JV:259: warning: ignoring old recipe for target '.m.S'
Makefile:263: warning: overriding recipe for target 'cparse.so'
À™Š JV:263: warning: ignoring old recipe for target 'cparse.so'
compiling cparse.c
linking shared-object racc/cparse.so
make[1]: Leaving directory '/home/runner/work/R-PUFF/R-PUFF/.vendor/bundle/ruby/3.2.0/gems/racc-1.7.3/ext/racc/cparse'

current directory: /home/runner/work/R-PUFF/R-PUFF/.vendor/bundle/ruby/3.2.0/gems/racc-1.7.3/ext/racc/cparse
make DESTDIR\= sitearchdir\=./.gem.20231219-12513-ilqy5o sitelibdir\=./.gem.20231219-12513-ilqy5o install
make[1]: Entering directory '/home/runner/work/R-PUFF/R-PUFF/.vendor/bundle/ruby/3.2.0/gems/racc-1.7.3/ext/racc/cparse'
Makefile:178: warning: overriding recipe for target 'clean'
Àù^®œU:178: warning: ignoring old recipe for target 'clean'
Makefile:185: warning: overriding recipe for target 'distclean'
Àù^®œU:185: warning: ignoring old recipe for target 'distclean'
Makefile:193: warning: overriding recipe for target 'install-so'
Àù^®œU:193: warning: ignoring old recipe for target 'install-so'
Makefile:203: warning: overriding recipe for target 'pre-install-rb-default'
Àù^®œU:203: warning: ignoring old recipe for target 'pre-install-rb-default'
Makefile:205: warning: overriding recipe for target '.sitearchdir.-.racc.time'
Àù^®œU:205: warning: ignoring old recipe for target '.sitearchdir.-.racc.time'
Makefile:215: warning: overriding recipe for target '.cc.o'
Àù^®œU:215: warning: ignoring old recipe for target '.cc.o'
Makefile:219: warning: overriding recipe for target '.cc.S'
Àù^®œU:219: warning: ignoring old recipe for target '.cc.S'
Makefile:223: warning: overriding recipe for target '.mm.o'
Àù^®œU:223: warning: ignoring old recipe for target '.mm.o'
Makefile:227: warning: overriding recipe for target '.mm.S'
Àù^®œU:227: warning: ignoring old recipe for target '.mm.S'
Makefile:231: warning: overriding recipe for target '.cxx.o'
Àù^®œU:231: warning: ignoring old recipe for target '.cxx.o'
Makefile:235: warning: overriding recipe for target '.cxx.S'
Àù^®œU:235: warning: ignoring old recipe for target '.cxx.S'
Makefile:239: warning: overriding recipe for target '.cpp.o'
Àù^®œU:239: warning: ignoring old recipe for target '.cpp.o'
Makefile:243: warning: overriding recipe for target '.cpp.S'
Àù^®œU:243: warning: ignoring old recipe for target '.cpp.S'
Makefile:247: warning: overriding recipe for target '.c.o'
Àù^®œU:247: warning: ignoring old recipe for target '.c.o'
Makefile:251: warning: overriding recipe for target '.c.S'
Àù^®œU:251: warning: ignoring old recipe for target '.c.S'
Makefile:255: warning: overriding recipe for target '.m.o'
Àù^®œU:255: warning: ignoring old recipe for target '.m.o'
Makefile:259: warning: overriding recipe for target '.m.S'
Àù^®œU:259: warning: ignoring old recipe for target '.m.S'
Makefile:263: warning: overriding recipe for target 'cparse.so'
Àù^®œU:263: warning: ignoring old recipe for target 'cparse.so'
/usr/bin/install -c -m 0755 cparse.so ./.gem.20231219-12513-ilqy5o/racc
make[1]: Leaving directory '/home/runner/work/R-PUFF/R-PUFF/.vendor/bundle/ruby/3.2.0/gems/racc-1.7.3/ext/racc/cparse'

current directory: /home/runner/work/R-PUFF/R-PUFF/.vendor/bundle/ruby/3.2.0/gems/racc-1.7.3/ext/racc/cparse
make DESTDIR\= sitearchdir\=./.gem.20231219-12513-ilqy5o sitelibdir\=./.gem.20231219-12513-ilqy5o clean
make[1]: Entering directory '/home/runner/work/R-PUFF/R-PUFF/.vendor/bundle/ruby/3.2.0/gems/racc-1.7.3/ext/racc/cparse'
Makefile:178: warning: overriding recipe for target 'clean'
À‰ˆSZU:178: warning: ignoring old recipe for target 'clean'
Makefile:185: warning: overriding recipe for target 'distclean'
À‰ˆSZU:185: warning: ignoring old recipe for target 'distclean'
Makefile:193: warning: overriding recipe for target 'install-so'
À‰ˆSZU:193: warning: ignoring old recipe for target 'install-so'
Makefile:203: warning: overriding recipe for target 'pre-install-rb-default'
À‰ˆSZU:203: warning: ignoring old recipe for target 'pre-install-rb-default'
Makefile:205: warning: overriding recipe for target '.sitearchdir.-.racc.time'
À‰ˆSZU:205: warning: ignoring old recipe for target '.sitearchdir.-.racc.time'
Makefile:215: warning: overriding recipe for target '.cc.o'
À‰ˆSZU:215: warning: ignoring old recipe for target '.cc.o'
Makefile:219: warning: overriding recipe for target '.cc.S'
À‰ˆSZU:219: warning: ignoring old recipe for target '.cc.S'
Makefile:223: warning: overriding recipe for target '.mm.o'
À‰ˆSZU:223: warning: ignoring old recipe for target '.mm.o'
Makefile:227: warning: overriding recipe for target '.mm.S'
À‰ˆSZU:227: warning: ignoring old recipe for target '.mm.S'
Makefile:231: warning: overriding recipe for target '.cxx.o'
À‰ˆSZU:231: warning: ignoring old recipe for target '.cxx.o'
Makefile:235: warning: overriding recipe for target '.cxx.S'
À‰ˆSZU:235: warning: ignoring old recipe for target '.cxx.S'
Makefile:239: warning: overriding recipe for target '.cpp.o'
À‰ˆSZU:239: warning: ignoring old recipe for target '.cpp.o'
Makefile:243: warning: overriding recipe for target '.cpp.S'
À‰ˆSZU:243: warning: ignoring old recipe for target '.cpp.S'
Makefile:247: warning: overriding recipe for target '.c.o'
À‰ˆSZU:247: warning: ignoring old recipe for target '.c.o'
Makefile:251: warning: overriding recipe for target '.c.S'
À‰ˆSZU:251: warning: ignoring old recipe for target '.c.S'
Makefile:255: warning: overriding recipe for target '.m.o'
À‰ˆSZU:255: warning: ignoring old recipe for target '.m.o'
Makefile:259: warning: overriding recipe for target '.m.S'
À‰ˆSZU:259: warning: ignoring old recipe for target '.m.S'
Makefile:263: warning: overriding recipe for target 'cparse.so'
À‰ˆSZU:263: warning: ignoring old recipe for target 'cparse.so'
make[1]: Leaving directory '/home/runner/work/R-PUFF/R-PUFF/.vendor/bundle/ruby/3.2.0/gems/racc-1.7.3/ext/racc/cparse'
