current directory: /home/runner/work/R-PUFF/R-PUFF/.vendor/bundle/ruby/3.3.0/gems/ffi-1.16.3/ext/ffi_c
/opt/hostedtoolcache/Ruby/3.3.1/x64/bin/ruby extconf.rb
checking for pkg-config for libffi... [" ", "", "-lffi"]
checking for ffi_prep_closure_loc() in -lffi... yes
checking for ffi_prep_cif_var()... yes
checking for ffi_raw_call()... yes
checking for ffi_prep_raw_closure()... yes
checking for rb_gc_mark_movable()... yes
checking for whether -pthread is accepted as LDFLAGS... yes
creating extconf.h
creating Makefile

current directory: /home/runner/work/R-PUFF/R-PUFF/.vendor/bundle/ruby/3.3.0/gems/ffi-1.16.3/ext/ffi_c
make DESTDIR\= sitearchdir\=./.gem.20240522-10517-49983j sitelibdir\=./.gem.20240522-10517-49983j clean
make[1]: Entering directory '/home/runner/work/R-PUFF/R-PUFF/.vendor/bundle/ruby/3.3.0/gems/ffi-1.16.3/ext/ffi_c'
Makefile:178: warning: overriding recipe for target 'clean'
0ûœÐûU:178: warning: ignoring old recipe for target 'clean'
Makefile:185: warning: overriding recipe for target 'distclean'
0ûœÐûU:185: warning: ignoring old recipe for target 'distclean'
Makefile:193: warning: overriding recipe for target 'install-so'
0ûœÐûU:193: warning: ignoring old recipe for target 'install-so'
Makefile:203: warning: overriding recipe for target 'pre-install-rb-default'
0ûœÐûU:203: warning: ignoring old recipe for target 'pre-install-rb-default'
Makefile:205: warning: overriding recipe for target '.sitearchdir.time'
0ûœÐûU:205: warning: ignoring old recipe for target '.sitearchdir.time'
Makefile:215: warning: overriding recipe for target '.cc.o'
0ûœÐûU:215: warning: ignoring old recipe for target '.cc.o'
Makefile:219: warning: overriding recipe for target '.cc.S'
0ûœÐûU:219: warning: ignoring old recipe for target '.cc.S'
Makefile:223: warning: overriding recipe for target '.mm.o'
0ûœÐûU:223: warning: ignoring old recipe for target '.mm.o'
Makefile:227: warning: overriding recipe for target '.mm.S'
0ûœÐûU:227: warning: ignoring old recipe for target '.mm.S'
Makefile:231: warning: overriding recipe for target '.cxx.o'
0ûœÐûU:231: warning: ignoring old recipe for target '.cxx.o'
Makefile:235: warning: overriding recipe for target '.cxx.S'
0ûœÐûU:235: warning: ignoring old recipe for target '.cxx.S'
Makefile:239: warning: overriding recipe for target '.cpp.o'
0ûœÐûU:239: warning: ignoring old recipe for target '.cpp.o'
Makefile:243: warning: overriding recipe for target '.cpp.S'
0ûœÐûU:243: warning: ignoring old recipe for target '.cpp.S'
Makefile:247: warning: overriding recipe for target '.c.o'
0ûœÐûU:247: warning: ignoring old recipe for target '.c.o'
Makefile:251: warning: overriding recipe for target '.c.S'
0ûœÐûU:251: warning: ignoring old recipe for target '.c.S'
Makefile:255: warning: overriding recipe for target '.m.o'
0ûœÐûU:255: warning: ignoring old recipe for target '.m.o'
Makefile:259: warning: overriding recipe for target '.m.S'
0ûœÐûU:259: warning: ignoring old recipe for target '.m.S'
Makefile:263: warning: overriding recipe for target 'ffi_c.so'
0ûœÐûU:263: warning: ignoring old recipe for target 'ffi_c.so'
make[1]: Leaving directory '/home/runner/work/R-PUFF/R-PUFF/.vendor/bundle/ruby/3.3.0/gems/ffi-1.16.3/ext/ffi_c'

current directory: /home/runner/work/R-PUFF/R-PUFF/.vendor/bundle/ruby/3.3.0/gems/ffi-1.16.3/ext/ffi_c
make DESTDIR\= sitearchdir\=./.gem.20240522-10517-49983j sitelibdir\=./.gem.20240522-10517-49983j
make[1]: Entering directory '/home/runner/work/R-PUFF/R-PUFF/.vendor/bundle/ruby/3.3.0/gems/ffi-1.16.3/ext/ffi_c'
Makefile:178: warning: overriding recipe for target 'clean'
0‹’•QV:178: warning: ignoring old recipe for target 'clean'
Makefile:185: warning: overriding recipe for target 'distclean'
0‹’•QV:185: warning: ignoring old recipe for target 'distclean'
Makefile:193: warning: overriding recipe for target 'install-so'
0‹’•QV:193: warning: ignoring old recipe for target 'install-so'
Makefile:203: warning: overriding recipe for target 'pre-install-rb-default'
0‹’•QV:203: warning: ignoring old recipe for target 'pre-install-rb-default'
Makefile:205: warning: overriding recipe for target '.sitearchdir.time'
0‹’•QV:205: warning: ignoring old recipe for target '.sitearchdir.time'
Makefile:215: warning: overriding recipe for target '.cc.o'
0‹’•QV:215: warning: ignoring old recipe for target '.cc.o'
Makefile:219: warning: overriding recipe for target '.cc.S'
0‹’•QV:219: warning: ignoring old recipe for target '.cc.S'
Makefile:223: warning: overriding recipe for target '.mm.o'
0‹’•QV:223: warning: ignoring old recipe for target '.mm.o'
Makefile:227: warning: overriding recipe for target '.mm.S'
0‹’•QV:227: warning: ignoring old recipe for target '.mm.S'
Makefile:231: warning: overriding recipe for target '.cxx.o'
0‹’•QV:231: warning: ignoring old recipe for target '.cxx.o'
Makefile:235: warning: overriding recipe for target '.cxx.S'
0‹’•QV:235: warning: ignoring old recipe for target '.cxx.S'
Makefile:239: warning: overriding recipe for target '.cpp.o'
0‹’•QV:239: warning: ignoring old recipe for target '.cpp.o'
Makefile:243: warning: overriding recipe for target '.cpp.S'
0‹’•QV:243: warning: ignoring old recipe for target '.cpp.S'
Makefile:247: warning: overriding recipe for target '.c.o'
0‹’•QV:247: warning: ignoring old recipe for target '.c.o'
Makefile:251: warning: overriding recipe for target '.c.S'
0‹’•QV:251: warning: ignoring old recipe for target '.c.S'
Makefile:255: warning: overriding recipe for target '.m.o'
0‹’•QV:255: warning: ignoring old recipe for target '.m.o'
Makefile:259: warning: overriding recipe for target '.m.S'
0‹’•QV:259: warning: ignoring old recipe for target '.m.S'
Makefile:263: warning: overriding recipe for target 'ffi_c.so'
0‹’•QV:263: warning: ignoring old recipe for target 'ffi_c.so'
compiling AbstractMemory.c
compiling ArrayType.c
compiling Buffer.c
compiling Call.c
compiling ClosurePool.c
compiling DynamicLibrary.c
compiling Function.c
compiling FunctionInfo.c
compiling LastError.c
compiling LongDouble.c
compiling MappedType.c
compiling MemoryPointer.c
compiling MethodHandle.c
compiling Platform.c
compiling Pointer.c
compiling Struct.c
compiling StructByValue.c
compiling StructLayout.c
compiling Thread.c
compiling Type.c
compiling Types.c
compiling Variadic.c
compiling ffi.c
linking shared-object ffi_c.so
make[1]: Leaving directory '/home/runner/work/R-PUFF/R-PUFF/.vendor/bundle/ruby/3.3.0/gems/ffi-1.16.3/ext/ffi_c'

current directory: /home/runner/work/R-PUFF/R-PUFF/.vendor/bundle/ruby/3.3.0/gems/ffi-1.16.3/ext/ffi_c
make DESTDIR\= sitearchdir\=./.gem.20240522-10517-49983j sitelibdir\=./.gem.20240522-10517-49983j install
make[1]: Entering directory '/home/runner/work/R-PUFF/R-PUFF/.vendor/bundle/ruby/3.3.0/gems/ffi-1.16.3/ext/ffi_c'
Makefile:178: warning: overriding recipe for target 'clean'
0k€×SV:178: warning: ignoring old recipe for target 'clean'
Makefile:185: warning: overriding recipe for target 'distclean'
0k€×SV:185: warning: ignoring old recipe for target 'distclean'
Makefile:193: warning: overriding recipe for target 'install-so'
0k€×SV:193: warning: ignoring old recipe for target 'install-so'
Makefile:203: warning: overriding recipe for target 'pre-install-rb-default'
0k€×SV:203: warning: ignoring old recipe for target 'pre-install-rb-default'
Makefile:205: warning: overriding recipe for target '.sitearchdir.time'
0k€×SV:205: warning: ignoring old recipe for target '.sitearchdir.time'
Makefile:215: warning: overriding recipe for target '.cc.o'
0k€×SV:215: warning: ignoring old recipe for target '.cc.o'
Makefile:219: warning: overriding recipe for target '.cc.S'
0k€×SV:219: warning: ignoring old recipe for target '.cc.S'
Makefile:223: warning: overriding recipe for target '.mm.o'
0k€×SV:223: warning: ignoring old recipe for target '.mm.o'
Makefile:227: warning: overriding recipe for target '.mm.S'
0k€×SV:227: warning: ignoring old recipe for target '.mm.S'
Makefile:231: warning: overriding recipe for target '.cxx.o'
0k€×SV:231: warning: ignoring old recipe for target '.cxx.o'
Makefile:235: warning: overriding recipe for target '.cxx.S'
0k€×SV:235: warning: ignoring old recipe for target '.cxx.S'
Makefile:239: warning: overriding recipe for target '.cpp.o'
0k€×SV:239: warning: ignoring old recipe for target '.cpp.o'
Makefile:243: warning: overriding recipe for target '.cpp.S'
0k€×SV:243: warning: ignoring old recipe for target '.cpp.S'
Makefile:247: warning: overriding recipe for target '.c.o'
0k€×SV:247: warning: ignoring old recipe for target '.c.o'
Makefile:251: warning: overriding recipe for target '.c.S'
0k€×SV:251: warning: ignoring old recipe for target '.c.S'
Makefile:255: warning: overriding recipe for target '.m.o'
0k€×SV:255: warning: ignoring old recipe for target '.m.o'
Makefile:259: warning: overriding recipe for target '.m.S'
0k€×SV:259: warning: ignoring old recipe for target '.m.S'
Makefile:263: warning: overriding recipe for target 'ffi_c.so'
0k€×SV:263: warning: ignoring old recipe for target 'ffi_c.so'
/usr/bin/install -c -m 0755 ffi_c.so ./.gem.20240522-10517-49983j
make[1]: Leaving directory '/home/runner/work/R-PUFF/R-PUFF/.vendor/bundle/ruby/3.3.0/gems/ffi-1.16.3/ext/ffi_c'

current directory: /home/runner/work/R-PUFF/R-PUFF/.vendor/bundle/ruby/3.3.0/gems/ffi-1.16.3/ext/ffi_c
make DESTDIR\= sitearchdir\=./.gem.20240522-10517-49983j sitelibdir\=./.gem.20240522-10517-49983j clean
make[1]: Entering directory '/home/runner/work/R-PUFF/R-PUFF/.vendor/bundle/ruby/3.3.0/gems/ffi-1.16.3/ext/ffi_c'
Makefile:178: warning: overriding recipe for target 'clean'
0K~'ÒU:178: warning: ignoring old recipe for target 'clean'
Makefile:185: warning: overriding recipe for target 'distclean'
0K~'ÒU:185: warning: ignoring old recipe for target 'distclean'
Makefile:193: warning: overriding recipe for target 'install-so'
0K~'ÒU:193: warning: ignoring old recipe for target 'install-so'
Makefile:203: warning: overriding recipe for target 'pre-install-rb-default'
0K~'ÒU:203: warning: ignoring old recipe for target 'pre-install-rb-default'
Makefile:205: warning: overriding recipe for target '.sitearchdir.time'
0K~'ÒU:205: warning: ignoring old recipe for target '.sitearchdir.time'
Makefile:215: warning: overriding recipe for target '.cc.o'
0K~'ÒU:215: warning: ignoring old recipe for target '.cc.o'
Makefile:219: warning: overriding recipe for target '.cc.S'
0K~'ÒU:219: warning: ignoring old recipe for target '.cc.S'
Makefile:223: warning: overriding recipe for target '.mm.o'
0K~'ÒU:223: warning: ignoring old recipe for target '.mm.o'
Makefile:227: warning: overriding recipe for target '.mm.S'
0K~'ÒU:227: warning: ignoring old recipe for target '.mm.S'
Makefile:231: warning: overriding recipe for target '.cxx.o'
0K~'ÒU:231: warning: ignoring old recipe for target '.cxx.o'
Makefile:235: warning: overriding recipe for target '.cxx.S'
0K~'ÒU:235: warning: ignoring old recipe for target '.cxx.S'
Makefile:239: warning: overriding recipe for target '.cpp.o'
0K~'ÒU:239: warning: ignoring old recipe for target '.cpp.o'
Makefile:243: warning: overriding recipe for target '.cpp.S'
0K~'ÒU:243: warning: ignoring old recipe for target '.cpp.S'
Makefile:247: warning: overriding recipe for target '.c.o'
0K~'ÒU:247: warning: ignoring old recipe for target '.c.o'
Makefile:251: warning: overriding recipe for target '.c.S'
0K~'ÒU:251: warning: ignoring old recipe for target '.c.S'
Makefile:255: warning: overriding recipe for target '.m.o'
0K~'ÒU:255: warning: ignoring old recipe for target '.m.o'
Makefile:259: warning: overriding recipe for target '.m.S'
0K~'ÒU:259: warning: ignoring old recipe for target '.m.S'
Makefile:263: warning: overriding recipe for target 'ffi_c.so'
0K~'ÒU:263: warning: ignoring old recipe for target 'ffi_c.so'
make[1]: Leaving directory '/home/runner/work/R-PUFF/R-PUFF/.vendor/bundle/ruby/3.3.0/gems/ffi-1.16.3/ext/ffi_c'
