current directory: /home/runner/work/R-PUFF/R-PUFF/.vendor/bundle/ruby/3.3.0/gems/strscan-3.1.0/ext/strscan
/opt/hostedtoolcache/Ruby/3.3.1/x64/bin/ruby extconf.rb
checking for onig_region_memsize() in ruby.h... yes
checking for rb_reg_onig_match() in ruby.h... yes
creating Makefile

current directory: /home/runner/work/R-PUFF/R-PUFF/.vendor/bundle/ruby/3.3.0/gems/strscan-3.1.0/ext/strscan
make DESTDIR\= sitearchdir\=./.gem.20240516-11603-z0wqbe sitelibdir\=./.gem.20240516-11603-z0wqbe clean
make[1]: Entering directory '/home/runner/work/R-PUFF/R-PUFF/.vendor/bundle/ruby/3.3.0/gems/strscan-3.1.0/ext/strscan'
Makefile:178: warning: overriding recipe for target 'clean'
ÀÚø?ÉU:178: warning: ignoring old recipe for target 'clean'
Makefile:185: warning: overriding recipe for target 'distclean'
ÀÚø?ÉU:185: warning: ignoring old recipe for target 'distclean'
Makefile:193: warning: overriding recipe for target 'install-so'
ÀÚø?ÉU:193: warning: ignoring old recipe for target 'install-so'
Makefile:203: warning: overriding recipe for target 'pre-install-rb-default'
ÀÚø?ÉU:203: warning: ignoring old recipe for target 'pre-install-rb-default'
Makefile:205: warning: overriding recipe for target '.sitearchdir.time'
ÀÚø?ÉU:205: warning: ignoring old recipe for target '.sitearchdir.time'
Makefile:215: warning: overriding recipe for target '.cc.o'
ÀÚø?ÉU:215: warning: ignoring old recipe for target '.cc.o'
Makefile:219: warning: overriding recipe for target '.cc.S'
ÀÚø?ÉU:219: warning: ignoring old recipe for target '.cc.S'
Makefile:223: warning: overriding recipe for target '.mm.o'
ÀÚø?ÉU:223: warning: ignoring old recipe for target '.mm.o'
Makefile:227: warning: overriding recipe for target '.mm.S'
ÀÚø?ÉU:227: warning: ignoring old recipe for target '.mm.S'
Makefile:231: warning: overriding recipe for target '.cxx.o'
ÀÚø?ÉU:231: warning: ignoring old recipe for target '.cxx.o'
Makefile:235: warning: overriding recipe for target '.cxx.S'
ÀÚø?ÉU:235: warning: ignoring old recipe for target '.cxx.S'
Makefile:239: warning: overriding recipe for target '.cpp.o'
ÀÚø?ÉU:239: warning: ignoring old recipe for target '.cpp.o'
Makefile:243: warning: overriding recipe for target '.cpp.S'
ÀÚø?ÉU:243: warning: ignoring old recipe for target '.cpp.S'
Makefile:247: warning: overriding recipe for target '.c.o'
ÀÚø?ÉU:247: warning: ignoring old recipe for target '.c.o'
Makefile:251: warning: overriding recipe for target '.c.S'
ÀÚø?ÉU:251: warning: ignoring old recipe for target '.c.S'
Makefile:255: warning: overriding recipe for target '.m.o'
ÀÚø?ÉU:255: warning: ignoring old recipe for target '.m.o'
Makefile:259: warning: overriding recipe for target '.m.S'
ÀÚø?ÉU:259: warning: ignoring old recipe for target '.m.S'
Makefile:263: warning: overriding recipe for target 'strscan.so'
ÀÚø?ÉU:263: warning: ignoring old recipe for target 'strscan.so'
make[1]: Leaving directory '/home/runner/work/R-PUFF/R-PUFF/.vendor/bundle/ruby/3.3.0/gems/strscan-3.1.0/ext/strscan'

current directory: /home/runner/work/R-PUFF/R-PUFF/.vendor/bundle/ruby/3.3.0/gems/strscan-3.1.0/ext/strscan
make DESTDIR\= sitearchdir\=./.gem.20240516-11603-z0wqbe sitelibdir\=./.gem.20240516-11603-z0wqbe
make[1]: Entering directory '/home/runner/work/R-PUFF/R-PUFF/.vendor/bundle/ruby/3.3.0/gems/strscan-3.1.0/ext/strscan'
Makefile:178: warning: overriding recipe for target 'clean'
ÀJ<ÏU:178: warning: ignoring old recipe for target 'clean'
Makefile:185: warning: overriding recipe for target 'distclean'
ÀJ<ÏU:185: warning: ignoring old recipe for target 'distclean'
Makefile:193: warning: overriding recipe for target 'install-so'
ÀJ<ÏU:193: warning: ignoring old recipe for target 'install-so'
Makefile:203: warning: overriding recipe for target 'pre-install-rb-default'
ÀJ<ÏU:203: warning: ignoring old recipe for target 'pre-install-rb-default'
Makefile:205: warning: overriding recipe for target '.sitearchdir.time'
ÀJ<ÏU:205: warning: ignoring old recipe for target '.sitearchdir.time'
Makefile:215: warning: overriding recipe for target '.cc.o'
ÀJ<ÏU:215: warning: ignoring old recipe for target '.cc.o'
Makefile:219: warning: overriding recipe for target '.cc.S'
ÀJ<ÏU:219: warning: ignoring old recipe for target '.cc.S'
Makefile:223: warning: overriding recipe for target '.mm.o'
ÀJ<ÏU:223: warning: ignoring old recipe for target '.mm.o'
Makefile:227: warning: overriding recipe for target '.mm.S'
ÀJ<ÏU:227: warning: ignoring old recipe for target '.mm.S'
Makefile:231: warning: overriding recipe for target '.cxx.o'
ÀJ<ÏU:231: warning: ignoring old recipe for target '.cxx.o'
Makefile:235: warning: overriding recipe for target '.cxx.S'
ÀJ<ÏU:235: warning: ignoring old recipe for target '.cxx.S'
Makefile:239: warning: overriding recipe for target '.cpp.o'
ÀJ<ÏU:239: warning: ignoring old recipe for target '.cpp.o'
Makefile:243: warning: overriding recipe for target '.cpp.S'
ÀJ<ÏU:243: warning: ignoring old recipe for target '.cpp.S'
Makefile:247: warning: overriding recipe for target '.c.o'
ÀJ<ÏU:247: warning: ignoring old recipe for target '.c.o'
Makefile:251: warning: overriding recipe for target '.c.S'
ÀJ<ÏU:251: warning: ignoring old recipe for target '.c.S'
Makefile:255: warning: overriding recipe for target '.m.o'
ÀJ<ÏU:255: warning: ignoring old recipe for target '.m.o'
Makefile:259: warning: overriding recipe for target '.m.S'
ÀJ<ÏU:259: warning: ignoring old recipe for target '.m.S'
Makefile:263: warning: overriding recipe for target 'strscan.so'
ÀJ<ÏU:263: warning: ignoring old recipe for target 'strscan.so'
compiling strscan.c
linking shared-object strscan.so
make[1]: Leaving directory '/home/runner/work/R-PUFF/R-PUFF/.vendor/bundle/ruby/3.3.0/gems/strscan-3.1.0/ext/strscan'

current directory: /home/runner/work/R-PUFF/R-PUFF/.vendor/bundle/ruby/3.3.0/gems/strscan-3.1.0/ext/strscan
make DESTDIR\= sitearchdir\=./.gem.20240516-11603-z0wqbe sitelibdir\=./.gem.20240516-11603-z0wqbe install
make[1]: Entering directory '/home/runner/work/R-PUFF/R-PUFF/.vendor/bundle/ruby/3.3.0/gems/strscan-3.1.0/ext/strscan'
Makefile:178: warning: overriding recipe for target 'clean'
Àš±Â'V:178: warning: ignoring old recipe for target 'clean'
Makefile:185: warning: overriding recipe for target 'distclean'
Àš±Â'V:185: warning: ignoring old recipe for target 'distclean'
Makefile:193: warning: overriding recipe for target 'install-so'
Àš±Â'V:193: warning: ignoring old recipe for target 'install-so'
Makefile:203: warning: overriding recipe for target 'pre-install-rb-default'
Àš±Â'V:203: warning: ignoring old recipe for target 'pre-install-rb-default'
Makefile:205: warning: overriding recipe for target '.sitearchdir.time'
Àš±Â'V:205: warning: ignoring old recipe for target '.sitearchdir.time'
Makefile:215: warning: overriding recipe for target '.cc.o'
Àš±Â'V:215: warning: ignoring old recipe for target '.cc.o'
Makefile:219: warning: overriding recipe for target '.cc.S'
Àš±Â'V:219: warning: ignoring old recipe for target '.cc.S'
Makefile:223: warning: overriding recipe for target '.mm.o'
Àš±Â'V:223: warning: ignoring old recipe for target '.mm.o'
Makefile:227: warning: overriding recipe for target '.mm.S'
Àš±Â'V:227: warning: ignoring old recipe for target '.mm.S'
Makefile:231: warning: overriding recipe for target '.cxx.o'
Àš±Â'V:231: warning: ignoring old recipe for target '.cxx.o'
Makefile:235: warning: overriding recipe for target '.cxx.S'
Àš±Â'V:235: warning: ignoring old recipe for target '.cxx.S'
Makefile:239: warning: overriding recipe for target '.cpp.o'
Àš±Â'V:239: warning: ignoring old recipe for target '.cpp.o'
Makefile:243: warning: overriding recipe for target '.cpp.S'
Àš±Â'V:243: warning: ignoring old recipe for target '.cpp.S'
Makefile:247: warning: overriding recipe for target '.c.o'
Àš±Â'V:247: warning: ignoring old recipe for target '.c.o'
Makefile:251: warning: overriding recipe for target '.c.S'
Àš±Â'V:251: warning: ignoring old recipe for target '.c.S'
Makefile:255: warning: overriding recipe for target '.m.o'
Àš±Â'V:255: warning: ignoring old recipe for target '.m.o'
Makefile:259: warning: overriding recipe for target '.m.S'
Àš±Â'V:259: warning: ignoring old recipe for target '.m.S'
Makefile:263: warning: overriding recipe for target 'strscan.so'
Àš±Â'V:263: warning: ignoring old recipe for target 'strscan.so'
/usr/bin/install -c -m 0755 strscan.so ./.gem.20240516-11603-z0wqbe
make[1]: Leaving directory '/home/runner/work/R-PUFF/R-PUFF/.vendor/bundle/ruby/3.3.0/gems/strscan-3.1.0/ext/strscan'

current directory: /home/runner/work/R-PUFF/R-PUFF/.vendor/bundle/ruby/3.3.0/gems/strscan-3.1.0/ext/strscan
make DESTDIR\= sitearchdir\=./.gem.20240516-11603-z0wqbe sitelibdir\=./.gem.20240516-11603-z0wqbe clean
make[1]: Entering directory '/home/runner/work/R-PUFF/R-PUFF/.vendor/bundle/ruby/3.3.0/gems/strscan-3.1.0/ext/strscan'
Makefile:178: warning: overriding recipe for target 'clean'
ÀªŞ¹²U:178: warning: ignoring old recipe for target 'clean'
Makefile:185: warning: overriding recipe for target 'distclean'
ÀªŞ¹²U:185: warning: ignoring old recipe for target 'distclean'
Makefile:193: warning: overriding recipe for target 'install-so'
ÀªŞ¹²U:193: warning: ignoring old recipe for target 'install-so'
Makefile:203: warning: overriding recipe for target 'pre-install-rb-default'
ÀªŞ¹²U:203: warning: ignoring old recipe for target 'pre-install-rb-default'
Makefile:205: warning: overriding recipe for target '.sitearchdir.time'
ÀªŞ¹²U:205: warning: ignoring old recipe for target '.sitearchdir.time'
Makefile:215: warning: overriding recipe for target '.cc.o'
ÀªŞ¹²U:215: warning: ignoring old recipe for target '.cc.o'
Makefile:219: warning: overriding recipe for target '.cc.S'
ÀªŞ¹²U:219: warning: ignoring old recipe for target '.cc.S'
Makefile:223: warning: overriding recipe for target '.mm.o'
ÀªŞ¹²U:223: warning: ignoring old recipe for target '.mm.o'
Makefile:227: warning: overriding recipe for target '.mm.S'
ÀªŞ¹²U:227: warning: ignoring old recipe for target '.mm.S'
Makefile:231: warning: overriding recipe for target '.cxx.o'
ÀªŞ¹²U:231: warning: ignoring old recipe for target '.cxx.o'
Makefile:235: warning: overriding recipe for target '.cxx.S'
ÀªŞ¹²U:235: warning: ignoring old recipe for target '.cxx.S'
Makefile:239: warning: overriding recipe for target '.cpp.o'
ÀªŞ¹²U:239: warning: ignoring old recipe for target '.cpp.o'
Makefile:243: warning: overriding recipe for target '.cpp.S'
ÀªŞ¹²U:243: warning: ignoring old recipe for target '.cpp.S'
Makefile:247: warning: overriding recipe for target '.c.o'
ÀªŞ¹²U:247: warning: ignoring old recipe for target '.c.o'
Makefile:251: warning: overriding recipe for target '.c.S'
ÀªŞ¹²U:251: warning: ignoring old recipe for target '.c.S'
Makefile:255: warning: overriding recipe for target '.m.o'
ÀªŞ¹²U:255: warning: ignoring old recipe for target '.m.o'
Makefile:259: warning: overriding recipe for target '.m.S'
ÀªŞ¹²U:259: warning: ignoring old recipe for target '.m.S'
Makefile:263: warning: overriding recipe for target 'strscan.so'
ÀªŞ¹²U:263: warning: ignoring old recipe for target 'strscan.so'
make[1]: Leaving directory '/home/runner/work/R-PUFF/R-PUFF/.vendor/bundle/ruby/3.3.0/gems/strscan-3.1.0/ext/strscan'
