current directory: /home/runner/work/R-PUFF/R-PUFF/.vendor/bundle/ruby/3.2.0/gems/ffi-1.16.3/ext/ffi_c
/opt/hostedtoolcache/Ruby/3.2.2/x64/bin/ruby extconf.rb
checking for ffi_prep_closure_loc() in -lffi... yes
checking for ffi_prep_cif_var()... yes
checking for ffi_raw_call()... yes
checking for ffi_prep_raw_closure()... yes
checking for rb_gc_mark_movable()... yes
checking for whether -pthread is accepted as LDFLAGS... yes
creating extconf.h
creating Makefile

current directory: /home/runner/work/R-PUFF/R-PUFF/.vendor/bundle/ruby/3.2.0/gems/ffi-1.16.3/ext/ffi_c
make DESTDIR\= sitearchdir\=./.gem.20231219-12513-cwnjm2 sitelibdir\=./.gem.20231219-12513-cwnjm2 clean
make[1]: Entering directory '/home/runner/work/R-PUFF/R-PUFF/.vendor/bundle/ruby/3.2.0/gems/ffi-1.16.3/ext/ffi_c'
Makefile:178: warning: overriding recipe for target 'clean'
°Ù­ödU:178: warning: ignoring old recipe for target 'clean'
Makefile:185: warning: overriding recipe for target 'distclean'
°Ù­ödU:185: warning: ignoring old recipe for target 'distclean'
Makefile:193: warning: overriding recipe for target 'install-so'
°Ù­ödU:193: warning: ignoring old recipe for target 'install-so'
Makefile:203: warning: overriding recipe for target 'pre-install-rb-default'
°Ù­ödU:203: warning: ignoring old recipe for target 'pre-install-rb-default'
Makefile:205: warning: overriding recipe for target '.sitearchdir.time'
°Ù­ödU:205: warning: ignoring old recipe for target '.sitearchdir.time'
Makefile:215: warning: overriding recipe for target '.cc.o'
°Ù­ödU:215: warning: ignoring old recipe for target '.cc.o'
Makefile:219: warning: overriding recipe for target '.cc.S'
°Ù­ödU:219: warning: ignoring old recipe for target '.cc.S'
Makefile:223: warning: overriding recipe for target '.mm.o'
°Ù­ödU:223: warning: ignoring old recipe for target '.mm.o'
Makefile:227: warning: overriding recipe for target '.mm.S'
°Ù­ödU:227: warning: ignoring old recipe for target '.mm.S'
Makefile:231: warning: overriding recipe for target '.cxx.o'
°Ù­ödU:231: warning: ignoring old recipe for target '.cxx.o'
Makefile:235: warning: overriding recipe for target '.cxx.S'
°Ù­ödU:235: warning: ignoring old recipe for target '.cxx.S'
Makefile:239: warning: overriding recipe for target '.cpp.o'
°Ù­ödU:239: warning: ignoring old recipe for target '.cpp.o'
Makefile:243: warning: overriding recipe for target '.cpp.S'
°Ù­ödU:243: warning: ignoring old recipe for target '.cpp.S'
Makefile:247: warning: overriding recipe for target '.c.o'
°Ù­ödU:247: warning: ignoring old recipe for target '.c.o'
Makefile:251: warning: overriding recipe for target '.c.S'
°Ù­ödU:251: warning: ignoring old recipe for target '.c.S'
Makefile:255: warning: overriding recipe for target '.m.o'
°Ù­ödU:255: warning: ignoring old recipe for target '.m.o'
Makefile:259: warning: overriding recipe for target '.m.S'
°Ù­ödU:259: warning: ignoring old recipe for target '.m.S'
Makefile:263: warning: overriding recipe for target 'ffi_c.so'
°Ù­ödU:263: warning: ignoring old recipe for target 'ffi_c.so'
make[1]: Leaving directory '/home/runner/work/R-PUFF/R-PUFF/.vendor/bundle/ruby/3.2.0/gems/ffi-1.16.3/ext/ffi_c'

current directory: /home/runner/work/R-PUFF/R-PUFF/.vendor/bundle/ruby/3.2.0/gems/ffi-1.16.3/ext/ffi_c
make DESTDIR\= sitearchdir\=./.gem.20231219-12513-cwnjm2 sitelibdir\=./.gem.20231219-12513-cwnjm2
make[1]: Entering directory '/home/runner/work/R-PUFF/R-PUFF/.vendor/bundle/ruby/3.2.0/gems/ffi-1.16.3/ext/ffi_c'
Makefile:178: warning: overriding recipe for target 'clean'
°)¥x·U:178: warning: ignoring old recipe for target 'clean'
Makefile:185: warning: overriding recipe for target 'distclean'
°)¥x·U:185: warning: ignoring old recipe for target 'distclean'
Makefile:193: warning: overriding recipe for target 'install-so'
°)¥x·U:193: warning: ignoring old recipe for target 'install-so'
Makefile:203: warning: overriding recipe for target 'pre-install-rb-default'
°)¥x·U:203: warning: ignoring old recipe for target 'pre-install-rb-default'
Makefile:205: warning: overriding recipe for target '.sitearchdir.time'
°)¥x·U:205: warning: ignoring old recipe for target '.sitearchdir.time'
Makefile:215: warning: overriding recipe for target '.cc.o'
°)¥x·U:215: warning: ignoring old recipe for target '.cc.o'
Makefile:219: warning: overriding recipe for target '.cc.S'
°)¥x·U:219: warning: ignoring old recipe for target '.cc.S'
Makefile:223: warning: overriding recipe for target '.mm.o'
°)¥x·U:223: warning: ignoring old recipe for target '.mm.o'
Makefile:227: warning: overriding recipe for target '.mm.S'
°)¥x·U:227: warning: ignoring old recipe for target '.mm.S'
Makefile:231: warning: overriding recipe for target '.cxx.o'
°)¥x·U:231: warning: ignoring old recipe for target '.cxx.o'
Makefile:235: warning: overriding recipe for target '.cxx.S'
°)¥x·U:235: warning: ignoring old recipe for target '.cxx.S'
Makefile:239: warning: overriding recipe for target '.cpp.o'
°)¥x·U:239: warning: ignoring old recipe for target '.cpp.o'
Makefile:243: warning: overriding recipe for target '.cpp.S'
°)¥x·U:243: warning: ignoring old recipe for target '.cpp.S'
Makefile:247: warning: overriding recipe for target '.c.o'
°)¥x·U:247: warning: ignoring old recipe for target '.c.o'
Makefile:251: warning: overriding recipe for target '.c.S'
°)¥x·U:251: warning: ignoring old recipe for target '.c.S'
Makefile:255: warning: overriding recipe for target '.m.o'
°)¥x·U:255: warning: ignoring old recipe for target '.m.o'
Makefile:259: warning: overriding recipe for target '.m.S'
°)¥x·U:259: warning: ignoring old recipe for target '.m.S'
Makefile:263: warning: overriding recipe for target 'ffi_c.so'
°)¥x·U:263: warning: ignoring old recipe for target 'ffi_c.so'
compiling AbstractMemory.c
compiling ArrayType.c
compiling Buffer.c
compiling Call.c
compiling ClosurePool.c
compiling DynamicLibrary.c
compiling Function.c
compiling FunctionInfo.c
compiling LastError.c
compiling LongDouble.c
compiling MappedType.c
compiling MemoryPointer.c
compiling MethodHandle.c
compiling Platform.c
compiling Pointer.c
compiling Struct.c
compiling StructByValue.c
compiling StructLayout.c
compiling Thread.c
compiling Type.c
compiling Types.c
compiling Variadic.c
compiling ffi.c
linking shared-object ffi_c.so
make[1]: Leaving directory '/home/runner/work/R-PUFF/R-PUFF/.vendor/bundle/ruby/3.2.0/gems/ffi-1.16.3/ext/ffi_c'

current directory: /home/runner/work/R-PUFF/R-PUFF/.vendor/bundle/ruby/3.2.0/gems/ffi-1.16.3/ext/ffi_c
make DESTDIR\= sitearchdir\=./.gem.20231219-12513-cwnjm2 sitelibdir\=./.gem.20231219-12513-cwnjm2 install
make[1]: Entering directory '/home/runner/work/R-PUFF/R-PUFF/.vendor/bundle/ruby/3.2.0/gems/ffi-1.16.3/ext/ffi_c'
Makefile:178: warning: overriding recipe for target 'clean'
°™XûqU:178: warning: ignoring old recipe for target 'clean'
Makefile:185: warning: overriding recipe for target 'distclean'
°™XûqU:185: warning: ignoring old recipe for target 'distclean'
Makefile:193: warning: overriding recipe for target 'install-so'
°™XûqU:193: warning: ignoring old recipe for target 'install-so'
Makefile:203: warning: overriding recipe for target 'pre-install-rb-default'
°™XûqU:203: warning: ignoring old recipe for target 'pre-install-rb-default'
Makefile:205: warning: overriding recipe for target '.sitearchdir.time'
°™XûqU:205: warning: ignoring old recipe for target '.sitearchdir.time'
Makefile:215: warning: overriding recipe for target '.cc.o'
°™XûqU:215: warning: ignoring old recipe for target '.cc.o'
Makefile:219: warning: overriding recipe for target '.cc.S'
°™XûqU:219: warning: ignoring old recipe for target '.cc.S'
Makefile:223: warning: overriding recipe for target '.mm.o'
°™XûqU:223: warning: ignoring old recipe for target '.mm.o'
Makefile:227: warning: overriding recipe for target '.mm.S'
°™XûqU:227: warning: ignoring old recipe for target '.mm.S'
Makefile:231: warning: overriding recipe for target '.cxx.o'
°™XûqU:231: warning: ignoring old recipe for target '.cxx.o'
Makefile:235: warning: overriding recipe for target '.cxx.S'
°™XûqU:235: warning: ignoring old recipe for target '.cxx.S'
Makefile:239: warning: overriding recipe for target '.cpp.o'
°™XûqU:239: warning: ignoring old recipe for target '.cpp.o'
Makefile:243: warning: overriding recipe for target '.cpp.S'
°™XûqU:243: warning: ignoring old recipe for target '.cpp.S'
Makefile:247: warning: overriding recipe for target '.c.o'
°™XûqU:247: warning: ignoring old recipe for target '.c.o'
Makefile:251: warning: overriding recipe for target '.c.S'
°™XûqU:251: warning: ignoring old recipe for target '.c.S'
Makefile:255: warning: overriding recipe for target '.m.o'
°™XûqU:255: warning: ignoring old recipe for target '.m.o'
Makefile:259: warning: overriding recipe for target '.m.S'
°™XûqU:259: warning: ignoring old recipe for target '.m.S'
Makefile:263: warning: overriding recipe for target 'ffi_c.so'
°™XûqU:263: warning: ignoring old recipe for target 'ffi_c.so'
/usr/bin/install -c -m 0755 ffi_c.so ./.gem.20231219-12513-cwnjm2
make[1]: Leaving directory '/home/runner/work/R-PUFF/R-PUFF/.vendor/bundle/ruby/3.2.0/gems/ffi-1.16.3/ext/ffi_c'

current directory: /home/runner/work/R-PUFF/R-PUFF/.vendor/bundle/ruby/3.2.0/gems/ffi-1.16.3/ext/ffi_c
make DESTDIR\= sitearchdir\=./.gem.20231219-12513-cwnjm2 sitelibdir\=./.gem.20231219-12513-cwnjm2 clean
make[1]: Entering directory '/home/runner/work/R-PUFF/R-PUFF/.vendor/bundle/ruby/3.2.0/gems/ffi-1.16.3/ext/ffi_c'
Makefile:178: warning: overriding recipe for target 'clean'
°yzŽÝU:178: warning: ignoring old recipe for target 'clean'
Makefile:185: warning: overriding recipe for target 'distclean'
°yzŽÝU:185: warning: ignoring old recipe for target 'distclean'
Makefile:193: warning: overriding recipe for target 'install-so'
°yzŽÝU:193: warning: ignoring old recipe for target 'install-so'
Makefile:203: warning: overriding recipe for target 'pre-install-rb-default'
°yzŽÝU:203: warning: ignoring old recipe for target 'pre-install-rb-default'
Makefile:205: warning: overriding recipe for target '.sitearchdir.time'
°yzŽÝU:205: warning: ignoring old recipe for target '.sitearchdir.time'
Makefile:215: warning: overriding recipe for target '.cc.o'
°yzŽÝU:215: warning: ignoring old recipe for target '.cc.o'
Makefile:219: warning: overriding recipe for target '.cc.S'
°yzŽÝU:219: warning: ignoring old recipe for target '.cc.S'
Makefile:223: warning: overriding recipe for target '.mm.o'
°yzŽÝU:223: warning: ignoring old recipe for target '.mm.o'
Makefile:227: warning: overriding recipe for target '.mm.S'
°yzŽÝU:227: warning: ignoring old recipe for target '.mm.S'
Makefile:231: warning: overriding recipe for target '.cxx.o'
°yzŽÝU:231: warning: ignoring old recipe for target '.cxx.o'
Makefile:235: warning: overriding recipe for target '.cxx.S'
°yzŽÝU:235: warning: ignoring old recipe for target '.cxx.S'
Makefile:239: warning: overriding recipe for target '.cpp.o'
°yzŽÝU:239: warning: ignoring old recipe for target '.cpp.o'
Makefile:243: warning: overriding recipe for target '.cpp.S'
°yzŽÝU:243: warning: ignoring old recipe for target '.cpp.S'
Makefile:247: warning: overriding recipe for target '.c.o'
°yzŽÝU:247: warning: ignoring old recipe for target '.c.o'
Makefile:251: warning: overriding recipe for target '.c.S'
°yzŽÝU:251: warning: ignoring old recipe for target '.c.S'
Makefile:255: warning: overriding recipe for target '.m.o'
°yzŽÝU:255: warning: ignoring old recipe for target '.m.o'
Makefile:259: warning: overriding recipe for target '.m.S'
°yzŽÝU:259: warning: ignoring old recipe for target '.m.S'
Makefile:263: warning: overriding recipe for target 'ffi_c.so'
°yzŽÝU:263: warning: ignoring old recipe for target 'ffi_c.so'
make[1]: Leaving directory '/home/runner/work/R-PUFF/R-PUFF/.vendor/bundle/ruby/3.2.0/gems/ffi-1.16.3/ext/ffi_c'
