current directory: /home/runner/work/R-PUFF/R-PUFF/.vendor/bundle/ruby/2.7.0/gems/http_parser.rb-0.8.0/ext/ruby_http_parser
/opt/hostedtoolcache/Ruby/2.7.8/x64/bin/ruby -I /opt/hostedtoolcache/Ruby/2.7.8/x64/lib/ruby/2.7.0 -r ./siteconf20231120-10921-k0mzp7.rb extconf.rb
creating Makefile

current directory: /home/runner/work/R-PUFF/R-PUFF/.vendor/bundle/ruby/2.7.0/gems/http_parser.rb-0.8.0/ext/ruby_http_parser
make "DESTDIR=" clean
make[1]: Entering directory '/home/runner/work/R-PUFF/R-PUFF/.vendor/bundle/ruby/2.7.0/gems/http_parser.rb-0.8.0/ext/ruby_http_parser'
Makefile:176: warning: overriding recipe for target 'clean'
†jiüMV:176: warning: ignoring old recipe for target 'clean'
Makefile:183: warning: overriding recipe for target 'distclean'
†jiüMV:183: warning: ignoring old recipe for target 'distclean'
Makefile:191: warning: overriding recipe for target 'install-so'
†jiüMV:191: warning: ignoring old recipe for target 'install-so'
Makefile:201: warning: overriding recipe for target 'pre-install-rb-default'
†jiüMV:201: warning: ignoring old recipe for target 'pre-install-rb-default'
Makefile:203: warning: overriding recipe for target '.sitearchdir.time'
†jiüMV:203: warning: ignoring old recipe for target '.sitearchdir.time'
Makefile:213: warning: overriding recipe for target '.cc.o'
†jiüMV:213: warning: ignoring old recipe for target '.cc.o'
Makefile:217: warning: overriding recipe for target '.cc.S'
†jiüMV:217: warning: ignoring old recipe for target '.cc.S'
Makefile:221: warning: overriding recipe for target '.mm.o'
†jiüMV:221: warning: ignoring old recipe for target '.mm.o'
Makefile:225: warning: overriding recipe for target '.mm.S'
†jiüMV:225: warning: ignoring old recipe for target '.mm.S'
Makefile:229: warning: overriding recipe for target '.cxx.o'
†jiüMV:229: warning: ignoring old recipe for target '.cxx.o'
Makefile:233: warning: overriding recipe for target '.cxx.S'
†jiüMV:233: warning: ignoring old recipe for target '.cxx.S'
Makefile:237: warning: overriding recipe for target '.cpp.o'
†jiüMV:237: warning: ignoring old recipe for target '.cpp.o'
Makefile:241: warning: overriding recipe for target '.cpp.S'
†jiüMV:241: warning: ignoring old recipe for target '.cpp.S'
Makefile:245: warning: overriding recipe for target '.c.o'
†jiüMV:245: warning: ignoring old recipe for target '.c.o'
Makefile:249: warning: overriding recipe for target '.c.S'
†jiüMV:249: warning: ignoring old recipe for target '.c.S'
Makefile:253: warning: overriding recipe for target '.m.o'
†jiüMV:253: warning: ignoring old recipe for target '.m.o'
Makefile:257: warning: overriding recipe for target '.m.S'
†jiüMV:257: warning: ignoring old recipe for target '.m.S'
Makefile:261: warning: overriding recipe for target 'ruby_http_parser.so'
†jiüMV:261: warning: ignoring old recipe for target 'ruby_http_parser.so'
make[1]: Leaving directory '/home/runner/work/R-PUFF/R-PUFF/.vendor/bundle/ruby/2.7.0/gems/http_parser.rb-0.8.0/ext/ruby_http_parser'

current directory: /home/runner/work/R-PUFF/R-PUFF/.vendor/bundle/ruby/2.7.0/gems/http_parser.rb-0.8.0/ext/ruby_http_parser
make "DESTDIR="
make[1]: Entering directory '/home/runner/work/R-PUFF/R-PUFF/.vendor/bundle/ruby/2.7.0/gems/http_parser.rb-0.8.0/ext/ruby_http_parser'
Makefile:176: warning: overriding recipe for target 'clean'
†öÅqóU:176: warning: ignoring old recipe for target 'clean'
Makefile:183: warning: overriding recipe for target 'distclean'
†öÅqóU:183: warning: ignoring old recipe for target 'distclean'
Makefile:191: warning: overriding recipe for target 'install-so'
†öÅqóU:191: warning: ignoring old recipe for target 'install-so'
Makefile:201: warning: overriding recipe for target 'pre-install-rb-default'
†öÅqóU:201: warning: ignoring old recipe for target 'pre-install-rb-default'
Makefile:203: warning: overriding recipe for target '.sitearchdir.time'
†öÅqóU:203: warning: ignoring old recipe for target '.sitearchdir.time'
Makefile:213: warning: overriding recipe for target '.cc.o'
†öÅqóU:213: warning: ignoring old recipe for target '.cc.o'
Makefile:217: warning: overriding recipe for target '.cc.S'
†öÅqóU:217: warning: ignoring old recipe for target '.cc.S'
Makefile:221: warning: overriding recipe for target '.mm.o'
†öÅqóU:221: warning: ignoring old recipe for target '.mm.o'
Makefile:225: warning: overriding recipe for target '.mm.S'
†öÅqóU:225: warning: ignoring old recipe for target '.mm.S'
Makefile:229: warning: overriding recipe for target '.cxx.o'
†öÅqóU:229: warning: ignoring old recipe for target '.cxx.o'
Makefile:233: warning: overriding recipe for target '.cxx.S'
†öÅqóU:233: warning: ignoring old recipe for target '.cxx.S'
Makefile:237: warning: overriding recipe for target '.cpp.o'
†öÅqóU:237: warning: ignoring old recipe for target '.cpp.o'
Makefile:241: warning: overriding recipe for target '.cpp.S'
†öÅqóU:241: warning: ignoring old recipe for target '.cpp.S'
Makefile:245: warning: overriding recipe for target '.c.o'
†öÅqóU:245: warning: ignoring old recipe for target '.c.o'
Makefile:249: warning: overriding recipe for target '.c.S'
†öÅqóU:249: warning: ignoring old recipe for target '.c.S'
Makefile:253: warning: overriding recipe for target '.m.o'
†öÅqóU:253: warning: ignoring old recipe for target '.m.o'
Makefile:257: warning: overriding recipe for target '.m.S'
†öÅqóU:257: warning: ignoring old recipe for target '.m.S'
Makefile:261: warning: overriding recipe for target 'ruby_http_parser.so'
†öÅqóU:261: warning: ignoring old recipe for target 'ruby_http_parser.so'
compiling ruby_http_parser.c
compiling ryah_http_parser.c
linking shared-object ruby_http_parser.so
make[1]: Leaving directory '/home/runner/work/R-PUFF/R-PUFF/.vendor/bundle/ruby/2.7.0/gems/http_parser.rb-0.8.0/ext/ruby_http_parser'

current directory: /home/runner/work/R-PUFF/R-PUFF/.vendor/bundle/ruby/2.7.0/gems/http_parser.rb-0.8.0/ext/ruby_http_parser
make "DESTDIR=" install
make[1]: Entering directory '/home/runner/work/R-PUFF/R-PUFF/.vendor/bundle/ruby/2.7.0/gems/http_parser.rb-0.8.0/ext/ruby_http_parser'
Makefile:176: warning: overriding recipe for target 'clean'
†ä∆’	V:176: warning: ignoring old recipe for target 'clean'
Makefile:183: warning: overriding recipe for target 'distclean'
†ä∆’	V:183: warning: ignoring old recipe for target 'distclean'
Makefile:191: warning: overriding recipe for target 'install-so'
†ä∆’	V:191: warning: ignoring old recipe for target 'install-so'
Makefile:201: warning: overriding recipe for target 'pre-install-rb-default'
†ä∆’	V:201: warning: ignoring old recipe for target 'pre-install-rb-default'
Makefile:203: warning: overriding recipe for target '.sitearchdir.time'
†ä∆’	V:203: warning: ignoring old recipe for target '.sitearchdir.time'
Makefile:213: warning: overriding recipe for target '.cc.o'
†ä∆’	V:213: warning: ignoring old recipe for target '.cc.o'
Makefile:217: warning: overriding recipe for target '.cc.S'
†ä∆’	V:217: warning: ignoring old recipe for target '.cc.S'
Makefile:221: warning: overriding recipe for target '.mm.o'
†ä∆’	V:221: warning: ignoring old recipe for target '.mm.o'
Makefile:225: warning: overriding recipe for target '.mm.S'
†ä∆’	V:225: warning: ignoring old recipe for target '.mm.S'
Makefile:229: warning: overriding recipe for target '.cxx.o'
†ä∆’	V:229: warning: ignoring old recipe for target '.cxx.o'
Makefile:233: warning: overriding recipe for target '.cxx.S'
†ä∆’	V:233: warning: ignoring old recipe for target '.cxx.S'
Makefile:237: warning: overriding recipe for target '.cpp.o'
†ä∆’	V:237: warning: ignoring old recipe for target '.cpp.o'
Makefile:241: warning: overriding recipe for target '.cpp.S'
†ä∆’	V:241: warning: ignoring old recipe for target '.cpp.S'
Makefile:245: warning: overriding recipe for target '.c.o'
†ä∆’	V:245: warning: ignoring old recipe for target '.c.o'
Makefile:249: warning: overriding recipe for target '.c.S'
†ä∆’	V:249: warning: ignoring old recipe for target '.c.S'
Makefile:253: warning: overriding recipe for target '.m.o'
†ä∆’	V:253: warning: ignoring old recipe for target '.m.o'
Makefile:257: warning: overriding recipe for target '.m.S'
†ä∆’	V:257: warning: ignoring old recipe for target '.m.S'
Makefile:261: warning: overriding recipe for target 'ruby_http_parser.so'
†ä∆’	V:261: warning: ignoring old recipe for target 'ruby_http_parser.so'
/usr/bin/install -c -m 0755 ruby_http_parser.so ./.gem.20231120-10921-1so210r
make[1]: Leaving directory '/home/runner/work/R-PUFF/R-PUFF/.vendor/bundle/ruby/2.7.0/gems/http_parser.rb-0.8.0/ext/ruby_http_parser'
