current directory: /home/runner/work/R-PUFF/R-PUFF/.vendor/bundle/ruby/2.7.0/gems/bigdecimal-3.1.4/ext/bigdecimal
/opt/hostedtoolcache/Ruby/2.7.8/x64/bin/ruby -I /opt/hostedtoolcache/Ruby/2.7.8/x64/lib/ruby/2.7.0 -r ./siteconf20231113-10695-1kwr8w5.rb extconf.rb
checking for __builtin_clz()... yes
checking for __builtin_clzl()... yes
checking for __builtin_clzll()... yes
checking for float.h... yes
checking for math.h... yes
checking for stdbool.h... yes
checking for stdlib.h... yes
checking for x86intrin.h... yes
checking for _lzcnt_u32() in x86intrin.h... no
checking for _lzcnt_u64() in x86intrin.h... no
checking for intrin.h... no
checking for __lzcnt() in intrin.h... no
checking for __lzcnt64() in intrin.h... no
checking for _BitScanReverse() in intrin.h... no
checking for _BitScanReverse64() in intrin.h... no
checking for labs() in stdlib.h... yes
checking for llabs() in stdlib.h... yes
checking for finite() in math.h... yes
checking for isfinite() in math.h... no
checking for ruby/atomic.h... no
checking for ruby/internal/has/builtin.h... no
checking for ruby/internal/static_assert.h... no
checking for rb_rational_num() in ruby.h... yes
checking for rb_rational_den() in ruby.h... yes
checking for rb_complex_real() in ruby.h... yes
checking for rb_complex_imag() in ruby.h... yes
checking for rb_opts_exception_p() in ruby.h... yes
checking for rb_category_warn() in ruby.h... no
checking for RB_WARN_CATEGORY_DEPRECATED in ruby.h... no
creating Makefile

current directory: /home/runner/work/R-PUFF/R-PUFF/.vendor/bundle/ruby/2.7.0/gems/bigdecimal-3.1.4/ext/bigdecimal
make "DESTDIR=" clean
make[1]: Entering directory '/home/runner/work/R-PUFF/R-PUFF/.vendor/bundle/ruby/2.7.0/gems/bigdecimal-3.1.4/ext/bigdecimal'
Makefile:177: warning: overriding recipe for target 'clean'
€Z4òÈU:177: warning: ignoring old recipe for target 'clean'
Makefile:184: warning: overriding recipe for target 'distclean'
€Z4òÈU:184: warning: ignoring old recipe for target 'distclean'
Makefile:192: warning: overriding recipe for target 'install-so'
€Z4òÈU:192: warning: ignoring old recipe for target 'install-so'
Makefile:202: warning: overriding recipe for target 'pre-install-rb-default'
€Z4òÈU:202: warning: ignoring old recipe for target 'pre-install-rb-default'
Makefile:204: warning: overriding recipe for target '.sitearchdir.time'
€Z4òÈU:204: warning: ignoring old recipe for target '.sitearchdir.time'
Makefile:214: warning: overriding recipe for target '.cc.o'
€Z4òÈU:214: warning: ignoring old recipe for target '.cc.o'
Makefile:218: warning: overriding recipe for target '.cc.S'
€Z4òÈU:218: warning: ignoring old recipe for target '.cc.S'
Makefile:222: warning: overriding recipe for target '.mm.o'
€Z4òÈU:222: warning: ignoring old recipe for target '.mm.o'
Makefile:226: warning: overriding recipe for target '.mm.S'
€Z4òÈU:226: warning: ignoring old recipe for target '.mm.S'
Makefile:230: warning: overriding recipe for target '.cxx.o'
€Z4òÈU:230: warning: ignoring old recipe for target '.cxx.o'
Makefile:234: warning: overriding recipe for target '.cxx.S'
€Z4òÈU:234: warning: ignoring old recipe for target '.cxx.S'
Makefile:238: warning: overriding recipe for target '.cpp.o'
€Z4òÈU:238: warning: ignoring old recipe for target '.cpp.o'
Makefile:242: warning: overriding recipe for target '.cpp.S'
€Z4òÈU:242: warning: ignoring old recipe for target '.cpp.S'
Makefile:246: warning: overriding recipe for target '.c.o'
€Z4òÈU:246: warning: ignoring old recipe for target '.c.o'
Makefile:250: warning: overriding recipe for target '.c.S'
€Z4òÈU:250: warning: ignoring old recipe for target '.c.S'
Makefile:254: warning: overriding recipe for target '.m.o'
€Z4òÈU:254: warning: ignoring old recipe for target '.m.o'
Makefile:258: warning: overriding recipe for target '.m.S'
€Z4òÈU:258: warning: ignoring old recipe for target '.m.S'
Makefile:262: warning: overriding recipe for target 'bigdecimal.so'
€Z4òÈU:262: warning: ignoring old recipe for target 'bigdecimal.so'
make[1]: Leaving directory '/home/runner/work/R-PUFF/R-PUFF/.vendor/bundle/ruby/2.7.0/gems/bigdecimal-3.1.4/ext/bigdecimal'

current directory: /home/runner/work/R-PUFF/R-PUFF/.vendor/bundle/ruby/2.7.0/gems/bigdecimal-3.1.4/ext/bigdecimal
make "DESTDIR="
make[1]: Entering directory '/home/runner/work/R-PUFF/R-PUFF/.vendor/bundle/ruby/2.7.0/gems/bigdecimal-3.1.4/ext/bigdecimal'
Makefile:177: warning: overriding recipe for target 'clean'
€ªàU9V:177: warning: ignoring old recipe for target 'clean'
Makefile:184: warning: overriding recipe for target 'distclean'
€ªàU9V:184: warning: ignoring old recipe for target 'distclean'
Makefile:192: warning: overriding recipe for target 'install-so'
€ªàU9V:192: warning: ignoring old recipe for target 'install-so'
Makefile:202: warning: overriding recipe for target 'pre-install-rb-default'
€ªàU9V:202: warning: ignoring old recipe for target 'pre-install-rb-default'
Makefile:204: warning: overriding recipe for target '.sitearchdir.time'
€ªàU9V:204: warning: ignoring old recipe for target '.sitearchdir.time'
Makefile:214: warning: overriding recipe for target '.cc.o'
€ªàU9V:214: warning: ignoring old recipe for target '.cc.o'
Makefile:218: warning: overriding recipe for target '.cc.S'
€ªàU9V:218: warning: ignoring old recipe for target '.cc.S'
Makefile:222: warning: overriding recipe for target '.mm.o'
€ªàU9V:222: warning: ignoring old recipe for target '.mm.o'
Makefile:226: warning: overriding recipe for target '.mm.S'
€ªàU9V:226: warning: ignoring old recipe for target '.mm.S'
Makefile:230: warning: overriding recipe for target '.cxx.o'
€ªàU9V:230: warning: ignoring old recipe for target '.cxx.o'
Makefile:234: warning: overriding recipe for target '.cxx.S'
€ªàU9V:234: warning: ignoring old recipe for target '.cxx.S'
Makefile:238: warning: overriding recipe for target '.cpp.o'
€ªàU9V:238: warning: ignoring old recipe for target '.cpp.o'
Makefile:242: warning: overriding recipe for target '.cpp.S'
€ªàU9V:242: warning: ignoring old recipe for target '.cpp.S'
Makefile:246: warning: overriding recipe for target '.c.o'
€ªàU9V:246: warning: ignoring old recipe for target '.c.o'
Makefile:250: warning: overriding recipe for target '.c.S'
€ªàU9V:250: warning: ignoring old recipe for target '.c.S'
Makefile:254: warning: overriding recipe for target '.m.o'
€ªàU9V:254: warning: ignoring old recipe for target '.m.o'
Makefile:258: warning: overriding recipe for target '.m.S'
€ªàU9V:258: warning: ignoring old recipe for target '.m.S'
Makefile:262: warning: overriding recipe for target 'bigdecimal.so'
€ªàU9V:262: warning: ignoring old recipe for target 'bigdecimal.so'
compiling bigdecimal.c
compiling missing.c
linking shared-object bigdecimal.so
make[1]: Leaving directory '/home/runner/work/R-PUFF/R-PUFF/.vendor/bundle/ruby/2.7.0/gems/bigdecimal-3.1.4/ext/bigdecimal'

current directory: /home/runner/work/R-PUFF/R-PUFF/.vendor/bundle/ruby/2.7.0/gems/bigdecimal-3.1.4/ext/bigdecimal
make "DESTDIR=" install
make[1]: Entering directory '/home/runner/work/R-PUFF/R-PUFF/.vendor/bundle/ruby/2.7.0/gems/bigdecimal-3.1.4/ext/bigdecimal'
Makefile:177: warning: overriding recipe for target 'clean'
€úõ´U:177: warning: ignoring old recipe for target 'clean'
Makefile:184: warning: overriding recipe for target 'distclean'
€úõ´U:184: warning: ignoring old recipe for target 'distclean'
Makefile:192: warning: overriding recipe for target 'install-so'
€úõ´U:192: warning: ignoring old recipe for target 'install-so'
Makefile:202: warning: overriding recipe for target 'pre-install-rb-default'
€úõ´U:202: warning: ignoring old recipe for target 'pre-install-rb-default'
Makefile:204: warning: overriding recipe for target '.sitearchdir.time'
€úõ´U:204: warning: ignoring old recipe for target '.sitearchdir.time'
Makefile:214: warning: overriding recipe for target '.cc.o'
€úõ´U:214: warning: ignoring old recipe for target '.cc.o'
Makefile:218: warning: overriding recipe for target '.cc.S'
€úõ´U:218: warning: ignoring old recipe for target '.cc.S'
Makefile:222: warning: overriding recipe for target '.mm.o'
€úõ´U:222: warning: ignoring old recipe for target '.mm.o'
Makefile:226: warning: overriding recipe for target '.mm.S'
€úõ´U:226: warning: ignoring old recipe for target '.mm.S'
Makefile:230: warning: overriding recipe for target '.cxx.o'
€úõ´U:230: warning: ignoring old recipe for target '.cxx.o'
Makefile:234: warning: overriding recipe for target '.cxx.S'
€úõ´U:234: warning: ignoring old recipe for target '.cxx.S'
Makefile:238: warning: overriding recipe for target '.cpp.o'
€úõ´U:238: warning: ignoring old recipe for target '.cpp.o'
Makefile:242: warning: overriding recipe for target '.cpp.S'
€úõ´U:242: warning: ignoring old recipe for target '.cpp.S'
Makefile:246: warning: overriding recipe for target '.c.o'
€úõ´U:246: warning: ignoring old recipe for target '.c.o'
Makefile:250: warning: overriding recipe for target '.c.S'
€úõ´U:250: warning: ignoring old recipe for target '.c.S'
Makefile:254: warning: overriding recipe for target '.m.o'
€úõ´U:254: warning: ignoring old recipe for target '.m.o'
Makefile:258: warning: overriding recipe for target '.m.S'
€úõ´U:258: warning: ignoring old recipe for target '.m.S'
Makefile:262: warning: overriding recipe for target 'bigdecimal.so'
€úõ´U:262: warning: ignoring old recipe for target 'bigdecimal.so'
/usr/bin/install -c -m 0755 bigdecimal.so ./.gem.20231113-10695-1hp7k80
make[1]: Leaving directory '/home/runner/work/R-PUFF/R-PUFF/.vendor/bundle/ruby/2.7.0/gems/bigdecimal-3.1.4/ext/bigdecimal'
