current directory: /home/runner/work/R-PUFF/R-PUFF/.vendor/bundle/ruby/3.3.0/gems/eventmachine-1.2.7/ext/fastfilereader
/opt/hostedtoolcache/Ruby/3.3.1/x64/bin/ruby extconf.rb
creating Makefile

current directory: /home/runner/work/R-PUFF/R-PUFF/.vendor/bundle/ruby/3.3.0/gems/eventmachine-1.2.7/ext/fastfilereader
make DESTDIR\= sitearchdir\=./.gem.20240516-15225-rbn3vs sitelibdir\=./.gem.20240516-15225-rbn3vs clean
make[1]: Entering directory '/home/runner/work/R-PUFF/R-PUFF/.vendor/bundle/ruby/3.3.0/gems/eventmachine-1.2.7/ext/fastfilereader'
Makefile:178: warning: overriding recipe for target 'clean'
@KŸ¨±U:178: warning: ignoring old recipe for target 'clean'
Makefile:185: warning: overriding recipe for target 'distclean'
@KŸ¨±U:185: warning: ignoring old recipe for target 'distclean'
Makefile:193: warning: overriding recipe for target 'install-so'
@KŸ¨±U:193: warning: ignoring old recipe for target 'install-so'
Makefile:203: warning: overriding recipe for target 'pre-install-rb-default'
@KŸ¨±U:203: warning: ignoring old recipe for target 'pre-install-rb-default'
Makefile:205: warning: overriding recipe for target '.sitearchdir.time'
@KŸ¨±U:205: warning: ignoring old recipe for target '.sitearchdir.time'
Makefile:215: warning: overriding recipe for target '.cc.o'
@KŸ¨±U:215: warning: ignoring old recipe for target '.cc.o'
Makefile:219: warning: overriding recipe for target '.cc.S'
@KŸ¨±U:219: warning: ignoring old recipe for target '.cc.S'
Makefile:223: warning: overriding recipe for target '.mm.o'
@KŸ¨±U:223: warning: ignoring old recipe for target '.mm.o'
Makefile:227: warning: overriding recipe for target '.mm.S'
@KŸ¨±U:227: warning: ignoring old recipe for target '.mm.S'
Makefile:231: warning: overriding recipe for target '.cxx.o'
@KŸ¨±U:231: warning: ignoring old recipe for target '.cxx.o'
Makefile:235: warning: overriding recipe for target '.cxx.S'
@KŸ¨±U:235: warning: ignoring old recipe for target '.cxx.S'
Makefile:239: warning: overriding recipe for target '.cpp.o'
@KŸ¨±U:239: warning: ignoring old recipe for target '.cpp.o'
Makefile:243: warning: overriding recipe for target '.cpp.S'
@KŸ¨±U:243: warning: ignoring old recipe for target '.cpp.S'
Makefile:247: warning: overriding recipe for target '.c.o'
@KŸ¨±U:247: warning: ignoring old recipe for target '.c.o'
Makefile:251: warning: overriding recipe for target '.c.S'
@KŸ¨±U:251: warning: ignoring old recipe for target '.c.S'
Makefile:255: warning: overriding recipe for target '.m.o'
@KŸ¨±U:255: warning: ignoring old recipe for target '.m.o'
Makefile:259: warning: overriding recipe for target '.m.S'
@KŸ¨±U:259: warning: ignoring old recipe for target '.m.S'
Makefile:263: warning: overriding recipe for target 'fastfilereaderext.so'
@KŸ¨±U:263: warning: ignoring old recipe for target 'fastfilereaderext.so'
make[1]: Leaving directory '/home/runner/work/R-PUFF/R-PUFF/.vendor/bundle/ruby/3.3.0/gems/eventmachine-1.2.7/ext/fastfilereader'

current directory: /home/runner/work/R-PUFF/R-PUFF/.vendor/bundle/ruby/3.3.0/gems/eventmachine-1.2.7/ext/fastfilereader
make DESTDIR\= sitearchdir\=./.gem.20240516-15225-rbn3vs sitelibdir\=./.gem.20240516-15225-rbn3vs
make[1]: Entering directory '/home/runner/work/R-PUFF/R-PUFF/.vendor/bundle/ruby/3.3.0/gems/eventmachine-1.2.7/ext/fastfilereader'
Makefile:178: warning: overriding recipe for target 'clean'
@‹ÑqMV:178: warning: ignoring old recipe for target 'clean'
Makefile:185: warning: overriding recipe for target 'distclean'
@‹ÑqMV:185: warning: ignoring old recipe for target 'distclean'
Makefile:193: warning: overriding recipe for target 'install-so'
@‹ÑqMV:193: warning: ignoring old recipe for target 'install-so'
Makefile:203: warning: overriding recipe for target 'pre-install-rb-default'
@‹ÑqMV:203: warning: ignoring old recipe for target 'pre-install-rb-default'
Makefile:205: warning: overriding recipe for target '.sitearchdir.time'
@‹ÑqMV:205: warning: ignoring old recipe for target '.sitearchdir.time'
Makefile:215: warning: overriding recipe for target '.cc.o'
@‹ÑqMV:215: warning: ignoring old recipe for target '.cc.o'
Makefile:219: warning: overriding recipe for target '.cc.S'
@‹ÑqMV:219: warning: ignoring old recipe for target '.cc.S'
Makefile:223: warning: overriding recipe for target '.mm.o'
@‹ÑqMV:223: warning: ignoring old recipe for target '.mm.o'
Makefile:227: warning: overriding recipe for target '.mm.S'
@‹ÑqMV:227: warning: ignoring old recipe for target '.mm.S'
Makefile:231: warning: overriding recipe for target '.cxx.o'
@‹ÑqMV:231: warning: ignoring old recipe for target '.cxx.o'
Makefile:235: warning: overriding recipe for target '.cxx.S'
@‹ÑqMV:235: warning: ignoring old recipe for target '.cxx.S'
Makefile:239: warning: overriding recipe for target '.cpp.o'
@‹ÑqMV:239: warning: ignoring old recipe for target '.cpp.o'
Makefile:243: warning: overriding recipe for target '.cpp.S'
@‹ÑqMV:243: warning: ignoring old recipe for target '.cpp.S'
Makefile:247: warning: overriding recipe for target '.c.o'
@‹ÑqMV:247: warning: ignoring old recipe for target '.c.o'
Makefile:251: warning: overriding recipe for target '.c.S'
@‹ÑqMV:251: warning: ignoring old recipe for target '.c.S'
Makefile:255: warning: overriding recipe for target '.m.o'
@‹ÑqMV:255: warning: ignoring old recipe for target '.m.o'
Makefile:259: warning: overriding recipe for target '.m.S'
@‹ÑqMV:259: warning: ignoring old recipe for target '.m.S'
Makefile:263: warning: overriding recipe for target 'fastfilereaderext.so'
@‹ÑqMV:263: warning: ignoring old recipe for target 'fastfilereaderext.so'
compiling mapper.cpp
compiling rubymain.cpp
linking shared-object fastfilereaderext.so
make[1]: Leaving directory '/home/runner/work/R-PUFF/R-PUFF/.vendor/bundle/ruby/3.3.0/gems/eventmachine-1.2.7/ext/fastfilereader'

current directory: /home/runner/work/R-PUFF/R-PUFF/.vendor/bundle/ruby/3.3.0/gems/eventmachine-1.2.7/ext/fastfilereader
make DESTDIR\= sitearchdir\=./.gem.20240516-15225-rbn3vs sitelibdir\=./.gem.20240516-15225-rbn3vs install
make[1]: Entering directory '/home/runner/work/R-PUFF/R-PUFF/.vendor/bundle/ruby/3.3.0/gems/eventmachine-1.2.7/ext/fastfilereader'
Makefile:178: warning: overriding recipe for target 'clean'
@;ê.IV:178: warning: ignoring old recipe for target 'clean'
Makefile:185: warning: overriding recipe for target 'distclean'
@;ê.IV:185: warning: ignoring old recipe for target 'distclean'
Makefile:193: warning: overriding recipe for target 'install-so'
@;ê.IV:193: warning: ignoring old recipe for target 'install-so'
Makefile:203: warning: overriding recipe for target 'pre-install-rb-default'
@;ê.IV:203: warning: ignoring old recipe for target 'pre-install-rb-default'
Makefile:205: warning: overriding recipe for target '.sitearchdir.time'
@;ê.IV:205: warning: ignoring old recipe for target '.sitearchdir.time'
Makefile:215: warning: overriding recipe for target '.cc.o'
@;ê.IV:215: warning: ignoring old recipe for target '.cc.o'
Makefile:219: warning: overriding recipe for target '.cc.S'
@;ê.IV:219: warning: ignoring old recipe for target '.cc.S'
Makefile:223: warning: overriding recipe for target '.mm.o'
@;ê.IV:223: warning: ignoring old recipe for target '.mm.o'
Makefile:227: warning: overriding recipe for target '.mm.S'
@;ê.IV:227: warning: ignoring old recipe for target '.mm.S'
Makefile:231: warning: overriding recipe for target '.cxx.o'
@;ê.IV:231: warning: ignoring old recipe for target '.cxx.o'
Makefile:235: warning: overriding recipe for target '.cxx.S'
@;ê.IV:235: warning: ignoring old recipe for target '.cxx.S'
Makefile:239: warning: overriding recipe for target '.cpp.o'
@;ê.IV:239: warning: ignoring old recipe for target '.cpp.o'
Makefile:243: warning: overriding recipe for target '.cpp.S'
@;ê.IV:243: warning: ignoring old recipe for target '.cpp.S'
Makefile:247: warning: overriding recipe for target '.c.o'
@;ê.IV:247: warning: ignoring old recipe for target '.c.o'
Makefile:251: warning: overriding recipe for target '.c.S'
@;ê.IV:251: warning: ignoring old recipe for target '.c.S'
Makefile:255: warning: overriding recipe for target '.m.o'
@;ê.IV:255: warning: ignoring old recipe for target '.m.o'
Makefile:259: warning: overriding recipe for target '.m.S'
@;ê.IV:259: warning: ignoring old recipe for target '.m.S'
Makefile:263: warning: overriding recipe for target 'fastfilereaderext.so'
@;ê.IV:263: warning: ignoring old recipe for target 'fastfilereaderext.so'
/usr/bin/install -c -m 0755 fastfilereaderext.so ./.gem.20240516-15225-rbn3vs
make[1]: Leaving directory '/home/runner/work/R-PUFF/R-PUFF/.vendor/bundle/ruby/3.3.0/gems/eventmachine-1.2.7/ext/fastfilereader'

current directory: /home/runner/work/R-PUFF/R-PUFF/.vendor/bundle/ruby/3.3.0/gems/eventmachine-1.2.7/ext/fastfilereader
make DESTDIR\= sitearchdir\=./.gem.20240516-15225-rbn3vs sitelibdir\=./.gem.20240516-15225-rbn3vs clean
make[1]: Entering directory '/home/runner/work/R-PUFF/R-PUFF/.vendor/bundle/ruby/3.3.0/gems/eventmachine-1.2.7/ext/fastfilereader'
Makefile:178: warning: overriding recipe for target 'clean'
@+‚lRV:178: warning: ignoring old recipe for target 'clean'
Makefile:185: warning: overriding recipe for target 'distclean'
@+‚lRV:185: warning: ignoring old recipe for target 'distclean'
Makefile:193: warning: overriding recipe for target 'install-so'
@+‚lRV:193: warning: ignoring old recipe for target 'install-so'
Makefile:203: warning: overriding recipe for target 'pre-install-rb-default'
@+‚lRV:203: warning: ignoring old recipe for target 'pre-install-rb-default'
Makefile:205: warning: overriding recipe for target '.sitearchdir.time'
@+‚lRV:205: warning: ignoring old recipe for target '.sitearchdir.time'
Makefile:215: warning: overriding recipe for target '.cc.o'
@+‚lRV:215: warning: ignoring old recipe for target '.cc.o'
Makefile:219: warning: overriding recipe for target '.cc.S'
@+‚lRV:219: warning: ignoring old recipe for target '.cc.S'
Makefile:223: warning: overriding recipe for target '.mm.o'
@+‚lRV:223: warning: ignoring old recipe for target '.mm.o'
Makefile:227: warning: overriding recipe for target '.mm.S'
@+‚lRV:227: warning: ignoring old recipe for target '.mm.S'
Makefile:231: warning: overriding recipe for target '.cxx.o'
@+‚lRV:231: warning: ignoring old recipe for target '.cxx.o'
Makefile:235: warning: overriding recipe for target '.cxx.S'
@+‚lRV:235: warning: ignoring old recipe for target '.cxx.S'
Makefile:239: warning: overriding recipe for target '.cpp.o'
@+‚lRV:239: warning: ignoring old recipe for target '.cpp.o'
Makefile:243: warning: overriding recipe for target '.cpp.S'
@+‚lRV:243: warning: ignoring old recipe for target '.cpp.S'
Makefile:247: warning: overriding recipe for target '.c.o'
@+‚lRV:247: warning: ignoring old recipe for target '.c.o'
Makefile:251: warning: overriding recipe for target '.c.S'
@+‚lRV:251: warning: ignoring old recipe for target '.c.S'
Makefile:255: warning: overriding recipe for target '.m.o'
@+‚lRV:255: warning: ignoring old recipe for target '.m.o'
Makefile:259: warning: overriding recipe for target '.m.S'
@+‚lRV:259: warning: ignoring old recipe for target '.m.S'
Makefile:263: warning: overriding recipe for target 'fastfilereaderext.so'
@+‚lRV:263: warning: ignoring old recipe for target 'fastfilereaderext.so'
make[1]: Leaving directory '/home/runner/work/R-PUFF/R-PUFF/.vendor/bundle/ruby/3.3.0/gems/eventmachine-1.2.7/ext/fastfilereader'
