current directory: /home/runner/work/R-PUFF/R-PUFF/.vendor/bundle/ruby/3.3.0/gems/racc-1.7.3/ext/racc/cparse
/opt/hostedtoolcache/Ruby/3.3.1/x64/bin/ruby extconf.rb
creating Makefile

current directory: /home/runner/work/R-PUFF/R-PUFF/.vendor/bundle/ruby/3.3.0/gems/racc-1.7.3/ext/racc/cparse
make DESTDIR\= sitearchdir\=./.gem.20240516-11603-uhd3hu sitelibdir\=./.gem.20240516-11603-uhd3hu clean
make[1]: Entering directory '/home/runner/work/R-PUFF/R-PUFF/.vendor/bundle/ruby/3.3.0/gems/racc-1.7.3/ext/racc/cparse'
Makefile:178: warning: overriding recipe for target 'clean'
ÀªßC´U:178: warning: ignoring old recipe for target 'clean'
Makefile:185: warning: overriding recipe for target 'distclean'
ÀªßC´U:185: warning: ignoring old recipe for target 'distclean'
Makefile:193: warning: overriding recipe for target 'install-so'
ÀªßC´U:193: warning: ignoring old recipe for target 'install-so'
Makefile:203: warning: overriding recipe for target 'pre-install-rb-default'
ÀªßC´U:203: warning: ignoring old recipe for target 'pre-install-rb-default'
Makefile:205: warning: overriding recipe for target '.sitearchdir.-.racc.time'
ÀªßC´U:205: warning: ignoring old recipe for target '.sitearchdir.-.racc.time'
Makefile:215: warning: overriding recipe for target '.cc.o'
ÀªßC´U:215: warning: ignoring old recipe for target '.cc.o'
Makefile:219: warning: overriding recipe for target '.cc.S'
ÀªßC´U:219: warning: ignoring old recipe for target '.cc.S'
Makefile:223: warning: overriding recipe for target '.mm.o'
ÀªßC´U:223: warning: ignoring old recipe for target '.mm.o'
Makefile:227: warning: overriding recipe for target '.mm.S'
ÀªßC´U:227: warning: ignoring old recipe for target '.mm.S'
Makefile:231: warning: overriding recipe for target '.cxx.o'
ÀªßC´U:231: warning: ignoring old recipe for target '.cxx.o'
Makefile:235: warning: overriding recipe for target '.cxx.S'
ÀªßC´U:235: warning: ignoring old recipe for target '.cxx.S'
Makefile:239: warning: overriding recipe for target '.cpp.o'
ÀªßC´U:239: warning: ignoring old recipe for target '.cpp.o'
Makefile:243: warning: overriding recipe for target '.cpp.S'
ÀªßC´U:243: warning: ignoring old recipe for target '.cpp.S'
Makefile:247: warning: overriding recipe for target '.c.o'
ÀªßC´U:247: warning: ignoring old recipe for target '.c.o'
Makefile:251: warning: overriding recipe for target '.c.S'
ÀªßC´U:251: warning: ignoring old recipe for target '.c.S'
Makefile:255: warning: overriding recipe for target '.m.o'
ÀªßC´U:255: warning: ignoring old recipe for target '.m.o'
Makefile:259: warning: overriding recipe for target '.m.S'
ÀªßC´U:259: warning: ignoring old recipe for target '.m.S'
Makefile:263: warning: overriding recipe for target 'cparse.so'
ÀªßC´U:263: warning: ignoring old recipe for target 'cparse.so'
make[1]: Leaving directory '/home/runner/work/R-PUFF/R-PUFF/.vendor/bundle/ruby/3.3.0/gems/racc-1.7.3/ext/racc/cparse'

current directory: /home/runner/work/R-PUFF/R-PUFF/.vendor/bundle/ruby/3.3.0/gems/racc-1.7.3/ext/racc/cparse
make DESTDIR\= sitearchdir\=./.gem.20240516-11603-uhd3hu sitelibdir\=./.gem.20240516-11603-uhd3hu
make[1]: Entering directory '/home/runner/work/R-PUFF/R-PUFF/.vendor/bundle/ruby/3.3.0/gems/racc-1.7.3/ext/racc/cparse'
Makefile:178: warning: overriding recipe for target 'clean'
Àšä£=V:178: warning: ignoring old recipe for target 'clean'
Makefile:185: warning: overriding recipe for target 'distclean'
Àšä£=V:185: warning: ignoring old recipe for target 'distclean'
Makefile:193: warning: overriding recipe for target 'install-so'
Àšä£=V:193: warning: ignoring old recipe for target 'install-so'
Makefile:203: warning: overriding recipe for target 'pre-install-rb-default'
Àšä£=V:203: warning: ignoring old recipe for target 'pre-install-rb-default'
Makefile:205: warning: overriding recipe for target '.sitearchdir.-.racc.time'
Àšä£=V:205: warning: ignoring old recipe for target '.sitearchdir.-.racc.time'
Makefile:215: warning: overriding recipe for target '.cc.o'
Àšä£=V:215: warning: ignoring old recipe for target '.cc.o'
Makefile:219: warning: overriding recipe for target '.cc.S'
Àšä£=V:219: warning: ignoring old recipe for target '.cc.S'
Makefile:223: warning: overriding recipe for target '.mm.o'
Àšä£=V:223: warning: ignoring old recipe for target '.mm.o'
Makefile:227: warning: overriding recipe for target '.mm.S'
Àšä£=V:227: warning: ignoring old recipe for target '.mm.S'
Makefile:231: warning: overriding recipe for target '.cxx.o'
Àšä£=V:231: warning: ignoring old recipe for target '.cxx.o'
Makefile:235: warning: overriding recipe for target '.cxx.S'
Àšä£=V:235: warning: ignoring old recipe for target '.cxx.S'
Makefile:239: warning: overriding recipe for target '.cpp.o'
Àšä£=V:239: warning: ignoring old recipe for target '.cpp.o'
Makefile:243: warning: overriding recipe for target '.cpp.S'
Àšä£=V:243: warning: ignoring old recipe for target '.cpp.S'
Makefile:247: warning: overriding recipe for target '.c.o'
Àšä£=V:247: warning: ignoring old recipe for target '.c.o'
Makefile:251: warning: overriding recipe for target '.c.S'
Àšä£=V:251: warning: ignoring old recipe for target '.c.S'
Makefile:255: warning: overriding recipe for target '.m.o'
Àšä£=V:255: warning: ignoring old recipe for target '.m.o'
Makefile:259: warning: overriding recipe for target '.m.S'
Àšä£=V:259: warning: ignoring old recipe for target '.m.S'
Makefile:263: warning: overriding recipe for target 'cparse.so'
Àšä£=V:263: warning: ignoring old recipe for target 'cparse.so'
compiling cparse.c
linking shared-object racc/cparse.so
make[1]: Leaving directory '/home/runner/work/R-PUFF/R-PUFF/.vendor/bundle/ruby/3.3.0/gems/racc-1.7.3/ext/racc/cparse'

current directory: /home/runner/work/R-PUFF/R-PUFF/.vendor/bundle/ruby/3.3.0/gems/racc-1.7.3/ext/racc/cparse
make DESTDIR\= sitearchdir\=./.gem.20240516-11603-uhd3hu sitelibdir\=./.gem.20240516-11603-uhd3hu install
make[1]: Entering directory '/home/runner/work/R-PUFF/R-PUFF/.vendor/bundle/ruby/3.3.0/gems/racc-1.7.3/ext/racc/cparse'
Makefile:178: warning: overriding recipe for target 'clean'
Àªkc)V:178: warning: ignoring old recipe for target 'clean'
Makefile:185: warning: overriding recipe for target 'distclean'
Àªkc)V:185: warning: ignoring old recipe for target 'distclean'
Makefile:193: warning: overriding recipe for target 'install-so'
Àªkc)V:193: warning: ignoring old recipe for target 'install-so'
Makefile:203: warning: overriding recipe for target 'pre-install-rb-default'
Àªkc)V:203: warning: ignoring old recipe for target 'pre-install-rb-default'
Makefile:205: warning: overriding recipe for target '.sitearchdir.-.racc.time'
Àªkc)V:205: warning: ignoring old recipe for target '.sitearchdir.-.racc.time'
Makefile:215: warning: overriding recipe for target '.cc.o'
Àªkc)V:215: warning: ignoring old recipe for target '.cc.o'
Makefile:219: warning: overriding recipe for target '.cc.S'
Àªkc)V:219: warning: ignoring old recipe for target '.cc.S'
Makefile:223: warning: overriding recipe for target '.mm.o'
Àªkc)V:223: warning: ignoring old recipe for target '.mm.o'
Makefile:227: warning: overriding recipe for target '.mm.S'
Àªkc)V:227: warning: ignoring old recipe for target '.mm.S'
Makefile:231: warning: overriding recipe for target '.cxx.o'
Àªkc)V:231: warning: ignoring old recipe for target '.cxx.o'
Makefile:235: warning: overriding recipe for target '.cxx.S'
Àªkc)V:235: warning: ignoring old recipe for target '.cxx.S'
Makefile:239: warning: overriding recipe for target '.cpp.o'
Àªkc)V:239: warning: ignoring old recipe for target '.cpp.o'
Makefile:243: warning: overriding recipe for target '.cpp.S'
Àªkc)V:243: warning: ignoring old recipe for target '.cpp.S'
Makefile:247: warning: overriding recipe for target '.c.o'
Àªkc)V:247: warning: ignoring old recipe for target '.c.o'
Makefile:251: warning: overriding recipe for target '.c.S'
Àªkc)V:251: warning: ignoring old recipe for target '.c.S'
Makefile:255: warning: overriding recipe for target '.m.o'
Àªkc)V:255: warning: ignoring old recipe for target '.m.o'
Makefile:259: warning: overriding recipe for target '.m.S'
Àªkc)V:259: warning: ignoring old recipe for target '.m.S'
Makefile:263: warning: overriding recipe for target 'cparse.so'
Àªkc)V:263: warning: ignoring old recipe for target 'cparse.so'
/usr/bin/install -c -m 0755 cparse.so ./.gem.20240516-11603-uhd3hu/racc
make[1]: Leaving directory '/home/runner/work/R-PUFF/R-PUFF/.vendor/bundle/ruby/3.3.0/gems/racc-1.7.3/ext/racc/cparse'

current directory: /home/runner/work/R-PUFF/R-PUFF/.vendor/bundle/ruby/3.3.0/gems/racc-1.7.3/ext/racc/cparse
make DESTDIR\= sitearchdir\=./.gem.20240516-11603-uhd3hu sitelibdir\=./.gem.20240516-11603-uhd3hu clean
make[1]: Entering directory '/home/runner/work/R-PUFF/R-PUFF/.vendor/bundle/ruby/3.3.0/gems/racc-1.7.3/ext/racc/cparse'
Makefile:178: warning: overriding recipe for target 'clean'
Àz¦>V:178: warning: ignoring old recipe for target 'clean'
Makefile:185: warning: overriding recipe for target 'distclean'
Àz¦>V:185: warning: ignoring old recipe for target 'distclean'
Makefile:193: warning: overriding recipe for target 'install-so'
Àz¦>V:193: warning: ignoring old recipe for target 'install-so'
Makefile:203: warning: overriding recipe for target 'pre-install-rb-default'
Àz¦>V:203: warning: ignoring old recipe for target 'pre-install-rb-default'
Makefile:205: warning: overriding recipe for target '.sitearchdir.-.racc.time'
Àz¦>V:205: warning: ignoring old recipe for target '.sitearchdir.-.racc.time'
Makefile:215: warning: overriding recipe for target '.cc.o'
Àz¦>V:215: warning: ignoring old recipe for target '.cc.o'
Makefile:219: warning: overriding recipe for target '.cc.S'
Àz¦>V:219: warning: ignoring old recipe for target '.cc.S'
Makefile:223: warning: overriding recipe for target '.mm.o'
Àz¦>V:223: warning: ignoring old recipe for target '.mm.o'
Makefile:227: warning: overriding recipe for target '.mm.S'
Àz¦>V:227: warning: ignoring old recipe for target '.mm.S'
Makefile:231: warning: overriding recipe for target '.cxx.o'
Àz¦>V:231: warning: ignoring old recipe for target '.cxx.o'
Makefile:235: warning: overriding recipe for target '.cxx.S'
Àz¦>V:235: warning: ignoring old recipe for target '.cxx.S'
Makefile:239: warning: overriding recipe for target '.cpp.o'
Àz¦>V:239: warning: ignoring old recipe for target '.cpp.o'
Makefile:243: warning: overriding recipe for target '.cpp.S'
Àz¦>V:243: warning: ignoring old recipe for target '.cpp.S'
Makefile:247: warning: overriding recipe for target '.c.o'
Àz¦>V:247: warning: ignoring old recipe for target '.c.o'
Makefile:251: warning: overriding recipe for target '.c.S'
Àz¦>V:251: warning: ignoring old recipe for target '.c.S'
Makefile:255: warning: overriding recipe for target '.m.o'
Àz¦>V:255: warning: ignoring old recipe for target '.m.o'
Makefile:259: warning: overriding recipe for target '.m.S'
Àz¦>V:259: warning: ignoring old recipe for target '.m.S'
Makefile:263: warning: overriding recipe for target 'cparse.so'
Àz¦>V:263: warning: ignoring old recipe for target 'cparse.so'
make[1]: Leaving directory '/home/runner/work/R-PUFF/R-PUFF/.vendor/bundle/ruby/3.3.0/gems/racc-1.7.3/ext/racc/cparse'
