current directory: /home/runner/work/R-PUFF/R-PUFF/.vendor/bundle/ruby/3.3.0/gems/bigdecimal-3.1.7/ext/bigdecimal
/opt/hostedtoolcache/Ruby/3.3.1/x64/bin/ruby extconf.rb
checking for __builtin_clz()... yes
checking for __builtin_clzl()... yes
checking for __builtin_clzll()... yes
checking for float.h... yes
checking for math.h... yes
checking for stdbool.h... yes
checking for stdlib.h... yes
checking for x86intrin.h... yes
checking for _lzcnt_u32() in x86intrin.h... no
checking for _lzcnt_u64() in x86intrin.h... no
checking for intrin.h... no
checking for __lzcnt() in intrin.h... no
checking for __lzcnt64() in intrin.h... no
checking for _BitScanReverse() in intrin.h... no
checking for _BitScanReverse64() in intrin.h... no
checking for labs() in stdlib.h... yes
checking for llabs() in stdlib.h... yes
checking for finite() in math.h... yes
checking for isfinite() in math.h... no
checking for ruby/atomic.h... yes
checking for ruby/internal/has/builtin.h... yes
checking for ruby/internal/static_assert.h... yes
checking for rb_rational_num() in ruby.h... yes
checking for rb_rational_den() in ruby.h... yes
checking for rb_complex_real() in ruby.h... yes
checking for rb_complex_imag() in ruby.h... yes
checking for rb_opts_exception_p() in ruby.h... yes
checking for rb_category_warn() in ruby.h... yes
checking for RB_WARN_CATEGORY_DEPRECATED in ruby.h... yes
creating Makefile

current directory: /home/runner/work/R-PUFF/R-PUFF/.vendor/bundle/ruby/3.3.0/gems/bigdecimal-3.1.7/ext/bigdecimal
make DESTDIR\= sitearchdir\=./.gem.20240503-13911-y5125f sitelibdir\=./.gem.20240503-13911-y5125f clean
make[1]: Entering directory '/home/runner/work/R-PUFF/R-PUFF/.vendor/bundle/ruby/3.3.0/gems/bigdecimal-3.1.7/ext/bigdecimal'
Makefile:179: warning: overriding recipe for target 'clean'
ÀJúƒkU:179: warning: ignoring old recipe for target 'clean'
Makefile:186: warning: overriding recipe for target 'distclean'
ÀJúƒkU:186: warning: ignoring old recipe for target 'distclean'
Makefile:194: warning: overriding recipe for target 'install-so'
ÀJúƒkU:194: warning: ignoring old recipe for target 'install-so'
Makefile:204: warning: overriding recipe for target 'pre-install-rb-default'
ÀJúƒkU:204: warning: ignoring old recipe for target 'pre-install-rb-default'
Makefile:206: warning: overriding recipe for target '.sitearchdir.time'
ÀJúƒkU:206: warning: ignoring old recipe for target '.sitearchdir.time'
Makefile:216: warning: overriding recipe for target '.cc.o'
ÀJúƒkU:216: warning: ignoring old recipe for target '.cc.o'
Makefile:220: warning: overriding recipe for target '.cc.S'
ÀJúƒkU:220: warning: ignoring old recipe for target '.cc.S'
Makefile:224: warning: overriding recipe for target '.mm.o'
ÀJúƒkU:224: warning: ignoring old recipe for target '.mm.o'
Makefile:228: warning: overriding recipe for target '.mm.S'
ÀJúƒkU:228: warning: ignoring old recipe for target '.mm.S'
Makefile:232: warning: overriding recipe for target '.cxx.o'
ÀJúƒkU:232: warning: ignoring old recipe for target '.cxx.o'
Makefile:236: warning: overriding recipe for target '.cxx.S'
ÀJúƒkU:236: warning: ignoring old recipe for target '.cxx.S'
Makefile:240: warning: overriding recipe for target '.cpp.o'
ÀJúƒkU:240: warning: ignoring old recipe for target '.cpp.o'
Makefile:244: warning: overriding recipe for target '.cpp.S'
ÀJúƒkU:244: warning: ignoring old recipe for target '.cpp.S'
Makefile:248: warning: overriding recipe for target '.c.o'
ÀJúƒkU:248: warning: ignoring old recipe for target '.c.o'
Makefile:252: warning: overriding recipe for target '.c.S'
ÀJúƒkU:252: warning: ignoring old recipe for target '.c.S'
Makefile:256: warning: overriding recipe for target '.m.o'
ÀJúƒkU:256: warning: ignoring old recipe for target '.m.o'
Makefile:260: warning: overriding recipe for target '.m.S'
ÀJúƒkU:260: warning: ignoring old recipe for target '.m.S'
Makefile:264: warning: overriding recipe for target 'bigdecimal.so'
ÀJúƒkU:264: warning: ignoring old recipe for target 'bigdecimal.so'
make[1]: Leaving directory '/home/runner/work/R-PUFF/R-PUFF/.vendor/bundle/ruby/3.3.0/gems/bigdecimal-3.1.7/ext/bigdecimal'

current directory: /home/runner/work/R-PUFF/R-PUFF/.vendor/bundle/ruby/3.3.0/gems/bigdecimal-3.1.7/ext/bigdecimal
make DESTDIR\= sitearchdir\=./.gem.20240503-13911-y5125f sitelibdir\=./.gem.20240503-13911-y5125f
make[1]: Entering directory '/home/runner/work/R-PUFF/R-PUFF/.vendor/bundle/ruby/3.3.0/gems/bigdecimal-3.1.7/ext/bigdecimal'
Makefile:179: warning: overriding recipe for target 'clean'
ÀzrèšU:179: warning: ignoring old recipe for target 'clean'
Makefile:186: warning: overriding recipe for target 'distclean'
ÀzrèšU:186: warning: ignoring old recipe for target 'distclean'
Makefile:194: warning: overriding recipe for target 'install-so'
ÀzrèšU:194: warning: ignoring old recipe for target 'install-so'
Makefile:204: warning: overriding recipe for target 'pre-install-rb-default'
ÀzrèšU:204: warning: ignoring old recipe for target 'pre-install-rb-default'
Makefile:206: warning: overriding recipe for target '.sitearchdir.time'
ÀzrèšU:206: warning: ignoring old recipe for target '.sitearchdir.time'
Makefile:216: warning: overriding recipe for target '.cc.o'
ÀzrèšU:216: warning: ignoring old recipe for target '.cc.o'
Makefile:220: warning: overriding recipe for target '.cc.S'
ÀzrèšU:220: warning: ignoring old recipe for target '.cc.S'
Makefile:224: warning: overriding recipe for target '.mm.o'
ÀzrèšU:224: warning: ignoring old recipe for target '.mm.o'
Makefile:228: warning: overriding recipe for target '.mm.S'
ÀzrèšU:228: warning: ignoring old recipe for target '.mm.S'
Makefile:232: warning: overriding recipe for target '.cxx.o'
ÀzrèšU:232: warning: ignoring old recipe for target '.cxx.o'
Makefile:236: warning: overriding recipe for target '.cxx.S'
ÀzrèšU:236: warning: ignoring old recipe for target '.cxx.S'
Makefile:240: warning: overriding recipe for target '.cpp.o'
ÀzrèšU:240: warning: ignoring old recipe for target '.cpp.o'
Makefile:244: warning: overriding recipe for target '.cpp.S'
ÀzrèšU:244: warning: ignoring old recipe for target '.cpp.S'
Makefile:248: warning: overriding recipe for target '.c.o'
ÀzrèšU:248: warning: ignoring old recipe for target '.c.o'
Makefile:252: warning: overriding recipe for target '.c.S'
ÀzrèšU:252: warning: ignoring old recipe for target '.c.S'
Makefile:256: warning: overriding recipe for target '.m.o'
ÀzrèšU:256: warning: ignoring old recipe for target '.m.o'
Makefile:260: warning: overriding recipe for target '.m.S'
ÀzrèšU:260: warning: ignoring old recipe for target '.m.S'
Makefile:264: warning: overriding recipe for target 'bigdecimal.so'
ÀzrèšU:264: warning: ignoring old recipe for target 'bigdecimal.so'
compiling bigdecimal.c
compiling missing.c
linking shared-object bigdecimal.so
make[1]: Leaving directory '/home/runner/work/R-PUFF/R-PUFF/.vendor/bundle/ruby/3.3.0/gems/bigdecimal-3.1.7/ext/bigdecimal'

current directory: /home/runner/work/R-PUFF/R-PUFF/.vendor/bundle/ruby/3.3.0/gems/bigdecimal-3.1.7/ext/bigdecimal
make DESTDIR\= sitearchdir\=./.gem.20240503-13911-y5125f sitelibdir\=./.gem.20240503-13911-y5125f install
make[1]: Entering directory '/home/runner/work/R-PUFF/R-PUFF/.vendor/bundle/ruby/3.3.0/gems/bigdecimal-3.1.7/ext/bigdecimal'
Makefile:179: warning: overriding recipe for target 'clean'
ÀŠçmU:179: warning: ignoring old recipe for target 'clean'
Makefile:186: warning: overriding recipe for target 'distclean'
ÀŠçmU:186: warning: ignoring old recipe for target 'distclean'
Makefile:194: warning: overriding recipe for target 'install-so'
ÀŠçmU:194: warning: ignoring old recipe for target 'install-so'
Makefile:204: warning: overriding recipe for target 'pre-install-rb-default'
ÀŠçmU:204: warning: ignoring old recipe for target 'pre-install-rb-default'
Makefile:206: warning: overriding recipe for target '.sitearchdir.time'
ÀŠçmU:206: warning: ignoring old recipe for target '.sitearchdir.time'
Makefile:216: warning: overriding recipe for target '.cc.o'
ÀŠçmU:216: warning: ignoring old recipe for target '.cc.o'
Makefile:220: warning: overriding recipe for target '.cc.S'
ÀŠçmU:220: warning: ignoring old recipe for target '.cc.S'
Makefile:224: warning: overriding recipe for target '.mm.o'
ÀŠçmU:224: warning: ignoring old recipe for target '.mm.o'
Makefile:228: warning: overriding recipe for target '.mm.S'
ÀŠçmU:228: warning: ignoring old recipe for target '.mm.S'
Makefile:232: warning: overriding recipe for target '.cxx.o'
ÀŠçmU:232: warning: ignoring old recipe for target '.cxx.o'
Makefile:236: warning: overriding recipe for target '.cxx.S'
ÀŠçmU:236: warning: ignoring old recipe for target '.cxx.S'
Makefile:240: warning: overriding recipe for target '.cpp.o'
ÀŠçmU:240: warning: ignoring old recipe for target '.cpp.o'
Makefile:244: warning: overriding recipe for target '.cpp.S'
ÀŠçmU:244: warning: ignoring old recipe for target '.cpp.S'
Makefile:248: warning: overriding recipe for target '.c.o'
ÀŠçmU:248: warning: ignoring old recipe for target '.c.o'
Makefile:252: warning: overriding recipe for target '.c.S'
ÀŠçmU:252: warning: ignoring old recipe for target '.c.S'
Makefile:256: warning: overriding recipe for target '.m.o'
ÀŠçmU:256: warning: ignoring old recipe for target '.m.o'
Makefile:260: warning: overriding recipe for target '.m.S'
ÀŠçmU:260: warning: ignoring old recipe for target '.m.S'
Makefile:264: warning: overriding recipe for target 'bigdecimal.so'
ÀŠçmU:264: warning: ignoring old recipe for target 'bigdecimal.so'
/usr/bin/install -c -m 0755 bigdecimal.so ./.gem.20240503-13911-y5125f
make[1]: Leaving directory '/home/runner/work/R-PUFF/R-PUFF/.vendor/bundle/ruby/3.3.0/gems/bigdecimal-3.1.7/ext/bigdecimal'

current directory: /home/runner/work/R-PUFF/R-PUFF/.vendor/bundle/ruby/3.3.0/gems/bigdecimal-3.1.7/ext/bigdecimal
make DESTDIR\= sitearchdir\=./.gem.20240503-13911-y5125f sitelibdir\=./.gem.20240503-13911-y5125f clean
make[1]: Entering directory '/home/runner/work/R-PUFF/R-PUFF/.vendor/bundle/ruby/3.3.0/gems/bigdecimal-3.1.7/ext/bigdecimal'
Makefile:179: warning: overriding recipe for target 'clean'
ÀÊÔoÜU:179: warning: ignoring old recipe for target 'clean'
Makefile:186: warning: overriding recipe for target 'distclean'
ÀÊÔoÜU:186: warning: ignoring old recipe for target 'distclean'
Makefile:194: warning: overriding recipe for target 'install-so'
ÀÊÔoÜU:194: warning: ignoring old recipe for target 'install-so'
Makefile:204: warning: overriding recipe for target 'pre-install-rb-default'
ÀÊÔoÜU:204: warning: ignoring old recipe for target 'pre-install-rb-default'
Makefile:206: warning: overriding recipe for target '.sitearchdir.time'
ÀÊÔoÜU:206: warning: ignoring old recipe for target '.sitearchdir.time'
Makefile:216: warning: overriding recipe for target '.cc.o'
ÀÊÔoÜU:216: warning: ignoring old recipe for target '.cc.o'
Makefile:220: warning: overriding recipe for target '.cc.S'
ÀÊÔoÜU:220: warning: ignoring old recipe for target '.cc.S'
Makefile:224: warning: overriding recipe for target '.mm.o'
ÀÊÔoÜU:224: warning: ignoring old recipe for target '.mm.o'
Makefile:228: warning: overriding recipe for target '.mm.S'
ÀÊÔoÜU:228: warning: ignoring old recipe for target '.mm.S'
Makefile:232: warning: overriding recipe for target '.cxx.o'
ÀÊÔoÜU:232: warning: ignoring old recipe for target '.cxx.o'
Makefile:236: warning: overriding recipe for target '.cxx.S'
ÀÊÔoÜU:236: warning: ignoring old recipe for target '.cxx.S'
Makefile:240: warning: overriding recipe for target '.cpp.o'
ÀÊÔoÜU:240: warning: ignoring old recipe for target '.cpp.o'
Makefile:244: warning: overriding recipe for target '.cpp.S'
ÀÊÔoÜU:244: warning: ignoring old recipe for target '.cpp.S'
Makefile:248: warning: overriding recipe for target '.c.o'
ÀÊÔoÜU:248: warning: ignoring old recipe for target '.c.o'
Makefile:252: warning: overriding recipe for target '.c.S'
ÀÊÔoÜU:252: warning: ignoring old recipe for target '.c.S'
Makefile:256: warning: overriding recipe for target '.m.o'
ÀÊÔoÜU:256: warning: ignoring old recipe for target '.m.o'
Makefile:260: warning: overriding recipe for target '.m.S'
ÀÊÔoÜU:260: warning: ignoring old recipe for target '.m.S'
Makefile:264: warning: overriding recipe for target 'bigdecimal.so'
ÀÊÔoÜU:264: warning: ignoring old recipe for target 'bigdecimal.so'
make[1]: Leaving directory '/home/runner/work/R-PUFF/R-PUFF/.vendor/bundle/ruby/3.3.0/gems/bigdecimal-3.1.7/ext/bigdecimal'
