current directory: /home/runner/work/R-PUFF/R-PUFF/.vendor/bundle/ruby/3.3.0/gems/http_parser.rb-0.8.0/ext/ruby_http_parser
/opt/hostedtoolcache/Ruby/3.3.1/x64/bin/ruby extconf.rb
creating Makefile

current directory: /home/runner/work/R-PUFF/R-PUFF/.vendor/bundle/ruby/3.3.0/gems/http_parser.rb-0.8.0/ext/ruby_http_parser
make DESTDIR\= sitearchdir\=./.gem.20240522-10517-96znd6 sitelibdir\=./.gem.20240522-10517-96znd6 clean
make[1]: Entering directory '/home/runner/work/R-PUFF/R-PUFF/.vendor/bundle/ruby/3.3.0/gems/http_parser.rb-0.8.0/ext/ruby_http_parser'
Makefile:178: warning: overriding recipe for target 'clean'
P[∞‡U:178: warning: ignoring old recipe for target 'clean'
Makefile:185: warning: overriding recipe for target 'distclean'
P[∞‡U:185: warning: ignoring old recipe for target 'distclean'
Makefile:193: warning: overriding recipe for target 'install-so'
P[∞‡U:193: warning: ignoring old recipe for target 'install-so'
Makefile:203: warning: overriding recipe for target 'pre-install-rb-default'
P[∞‡U:203: warning: ignoring old recipe for target 'pre-install-rb-default'
Makefile:205: warning: overriding recipe for target '.sitearchdir.time'
P[∞‡U:205: warning: ignoring old recipe for target '.sitearchdir.time'
Makefile:215: warning: overriding recipe for target '.cc.o'
P[∞‡U:215: warning: ignoring old recipe for target '.cc.o'
Makefile:219: warning: overriding recipe for target '.cc.S'
P[∞‡U:219: warning: ignoring old recipe for target '.cc.S'
Makefile:223: warning: overriding recipe for target '.mm.o'
P[∞‡U:223: warning: ignoring old recipe for target '.mm.o'
Makefile:227: warning: overriding recipe for target '.mm.S'
P[∞‡U:227: warning: ignoring old recipe for target '.mm.S'
Makefile:231: warning: overriding recipe for target '.cxx.o'
P[∞‡U:231: warning: ignoring old recipe for target '.cxx.o'
Makefile:235: warning: overriding recipe for target '.cxx.S'
P[∞‡U:235: warning: ignoring old recipe for target '.cxx.S'
Makefile:239: warning: overriding recipe for target '.cpp.o'
P[∞‡U:239: warning: ignoring old recipe for target '.cpp.o'
Makefile:243: warning: overriding recipe for target '.cpp.S'
P[∞‡U:243: warning: ignoring old recipe for target '.cpp.S'
Makefile:247: warning: overriding recipe for target '.c.o'
P[∞‡U:247: warning: ignoring old recipe for target '.c.o'
Makefile:251: warning: overriding recipe for target '.c.S'
P[∞‡U:251: warning: ignoring old recipe for target '.c.S'
Makefile:255: warning: overriding recipe for target '.m.o'
P[∞‡U:255: warning: ignoring old recipe for target '.m.o'
Makefile:259: warning: overriding recipe for target '.m.S'
P[∞‡U:259: warning: ignoring old recipe for target '.m.S'
Makefile:263: warning: overriding recipe for target 'ruby_http_parser.so'
P[∞‡U:263: warning: ignoring old recipe for target 'ruby_http_parser.so'
make[1]: Leaving directory '/home/runner/work/R-PUFF/R-PUFF/.vendor/bundle/ruby/3.3.0/gems/http_parser.rb-0.8.0/ext/ruby_http_parser'

current directory: /home/runner/work/R-PUFF/R-PUFF/.vendor/bundle/ruby/3.3.0/gems/http_parser.rb-0.8.0/ext/ruby_http_parser
make DESTDIR\= sitearchdir\=./.gem.20240522-10517-96znd6 sitelibdir\=./.gem.20240522-10517-96znd6
make[1]: Entering directory '/home/runner/work/R-PUFF/R-PUFF/.vendor/bundle/ruby/3.3.0/gems/http_parser.rb-0.8.0/ext/ruby_http_parser'
Makefile:178: warning: overriding recipe for target 'clean'
P{)≥ÇU:178: warning: ignoring old recipe for target 'clean'
Makefile:185: warning: overriding recipe for target 'distclean'
P{)≥ÇU:185: warning: ignoring old recipe for target 'distclean'
Makefile:193: warning: overriding recipe for target 'install-so'
P{)≥ÇU:193: warning: ignoring old recipe for target 'install-so'
Makefile:203: warning: overriding recipe for target 'pre-install-rb-default'
P{)≥ÇU:203: warning: ignoring old recipe for target 'pre-install-rb-default'
Makefile:205: warning: overriding recipe for target '.sitearchdir.time'
P{)≥ÇU:205: warning: ignoring old recipe for target '.sitearchdir.time'
Makefile:215: warning: overriding recipe for target '.cc.o'
P{)≥ÇU:215: warning: ignoring old recipe for target '.cc.o'
Makefile:219: warning: overriding recipe for target '.cc.S'
P{)≥ÇU:219: warning: ignoring old recipe for target '.cc.S'
Makefile:223: warning: overriding recipe for target '.mm.o'
P{)≥ÇU:223: warning: ignoring old recipe for target '.mm.o'
Makefile:227: warning: overriding recipe for target '.mm.S'
P{)≥ÇU:227: warning: ignoring old recipe for target '.mm.S'
Makefile:231: warning: overriding recipe for target '.cxx.o'
P{)≥ÇU:231: warning: ignoring old recipe for target '.cxx.o'
Makefile:235: warning: overriding recipe for target '.cxx.S'
P{)≥ÇU:235: warning: ignoring old recipe for target '.cxx.S'
Makefile:239: warning: overriding recipe for target '.cpp.o'
P{)≥ÇU:239: warning: ignoring old recipe for target '.cpp.o'
Makefile:243: warning: overriding recipe for target '.cpp.S'
P{)≥ÇU:243: warning: ignoring old recipe for target '.cpp.S'
Makefile:247: warning: overriding recipe for target '.c.o'
P{)≥ÇU:247: warning: ignoring old recipe for target '.c.o'
Makefile:251: warning: overriding recipe for target '.c.S'
P{)≥ÇU:251: warning: ignoring old recipe for target '.c.S'
Makefile:255: warning: overriding recipe for target '.m.o'
P{)≥ÇU:255: warning: ignoring old recipe for target '.m.o'
Makefile:259: warning: overriding recipe for target '.m.S'
P{)≥ÇU:259: warning: ignoring old recipe for target '.m.S'
Makefile:263: warning: overriding recipe for target 'ruby_http_parser.so'
P{)≥ÇU:263: warning: ignoring old recipe for target 'ruby_http_parser.so'
compiling ruby_http_parser.c
ruby_http_parser.c: In function ‚ÄòParser_execute‚Äô:
ruby_http_parser.c:365:17: warning: comparison of integer expressions of different signedness: ‚Äòsize_t‚Äô {aka ‚Äòlong unsigned int‚Äô} and ‚Äòlong int‚Äô [-Wsign-compare]
  365 |     if (nparsed < len)
      |                 ^
ruby_http_parser.c: In function ‚ÄòInit_ruby_http_parser‚Äô:
ruby_http_parser.c:507:6: warning: old-style function definition [-Wold-style-definition]
  507 | void Init_ruby_http_parser() {
      |      ^~~~~~~~~~~~~~~~~~~~~
ruby_http_parser.c: At top level:
cc1: warning: unrecognized command line option ‚Äò-Wno-self-assign‚Äô
cc1: warning: unrecognized command line option ‚Äò-Wno-parentheses-equality‚Äô
cc1: warning: unrecognized command line option ‚Äò-Wno-constant-logical-operand‚Äô
compiling ryah_http_parser.c
linking shared-object ruby_http_parser.so
make[1]: Leaving directory '/home/runner/work/R-PUFF/R-PUFF/.vendor/bundle/ruby/3.3.0/gems/http_parser.rb-0.8.0/ext/ruby_http_parser'

current directory: /home/runner/work/R-PUFF/R-PUFF/.vendor/bundle/ruby/3.3.0/gems/http_parser.rb-0.8.0/ext/ruby_http_parser
make DESTDIR\= sitearchdir\=./.gem.20240522-10517-96znd6 sitelibdir\=./.gem.20240522-10517-96znd6 install
make[1]: Entering directory '/home/runner/work/R-PUFF/R-PUFF/.vendor/bundle/ruby/3.3.0/gems/http_parser.rb-0.8.0/ext/ruby_http_parser'
Makefile:178: warning: overriding recipe for target 'clean'
P{öø
V:178: warning: ignoring old recipe for target 'clean'
Makefile:185: warning: overriding recipe for target 'distclean'
P{öø
V:185: warning: ignoring old recipe for target 'distclean'
Makefile:193: warning: overriding recipe for target 'install-so'
P{öø
V:193: warning: ignoring old recipe for target 'install-so'
Makefile:203: warning: overriding recipe for target 'pre-install-rb-default'
P{öø
V:203: warning: ignoring old recipe for target 'pre-install-rb-default'
Makefile:205: warning: overriding recipe for target '.sitearchdir.time'
P{öø
V:205: warning: ignoring old recipe for target '.sitearchdir.time'
Makefile:215: warning: overriding recipe for target '.cc.o'
P{öø
V:215: warning: ignoring old recipe for target '.cc.o'
Makefile:219: warning: overriding recipe for target '.cc.S'
P{öø
V:219: warning: ignoring old recipe for target '.cc.S'
Makefile:223: warning: overriding recipe for target '.mm.o'
P{öø
V:223: warning: ignoring old recipe for target '.mm.o'
Makefile:227: warning: overriding recipe for target '.mm.S'
P{öø
V:227: warning: ignoring old recipe for target '.mm.S'
Makefile:231: warning: overriding recipe for target '.cxx.o'
P{öø
V:231: warning: ignoring old recipe for target '.cxx.o'
Makefile:235: warning: overriding recipe for target '.cxx.S'
P{öø
V:235: warning: ignoring old recipe for target '.cxx.S'
Makefile:239: warning: overriding recipe for target '.cpp.o'
P{öø
V:239: warning: ignoring old recipe for target '.cpp.o'
Makefile:243: warning: overriding recipe for target '.cpp.S'
P{öø
V:243: warning: ignoring old recipe for target '.cpp.S'
Makefile:247: warning: overriding recipe for target '.c.o'
P{öø
V:247: warning: ignoring old recipe for target '.c.o'
Makefile:251: warning: overriding recipe for target '.c.S'
P{öø
V:251: warning: ignoring old recipe for target '.c.S'
Makefile:255: warning: overriding recipe for target '.m.o'
P{öø
V:255: warning: ignoring old recipe for target '.m.o'
Makefile:259: warning: overriding recipe for target '.m.S'
P{öø
V:259: warning: ignoring old recipe for target '.m.S'
Makefile:263: warning: overriding recipe for target 'ruby_http_parser.so'
P{öø
V:263: warning: ignoring old recipe for target 'ruby_http_parser.so'
/usr/bin/install -c -m 0755 ruby_http_parser.so ./.gem.20240522-10517-96znd6
make[1]: Leaving directory '/home/runner/work/R-PUFF/R-PUFF/.vendor/bundle/ruby/3.3.0/gems/http_parser.rb-0.8.0/ext/ruby_http_parser'

current directory: /home/runner/work/R-PUFF/R-PUFF/.vendor/bundle/ruby/3.3.0/gems/http_parser.rb-0.8.0/ext/ruby_http_parser
make DESTDIR\= sitearchdir\=./.gem.20240522-10517-96znd6 sitelibdir\=./.gem.20240522-10517-96znd6 clean
make[1]: Entering directory '/home/runner/work/R-PUFF/R-PUFF/.vendor/bundle/ruby/3.3.0/gems/http_parser.rb-0.8.0/ext/ruby_http_parser'
Makefile:178: warning: overriding recipe for target 'clean'
P€Ì;ïU:178: warning: ignoring old recipe for target 'clean'
Makefile:185: warning: overriding recipe for target 'distclean'
P€Ì;ïU:185: warning: ignoring old recipe for target 'distclean'
Makefile:193: warning: overriding recipe for target 'install-so'
P€Ì;ïU:193: warning: ignoring old recipe for target 'install-so'
Makefile:203: warning: overriding recipe for target 'pre-install-rb-default'
P€Ì;ïU:203: warning: ignoring old recipe for target 'pre-install-rb-default'
Makefile:205: warning: overriding recipe for target '.sitearchdir.time'
P€Ì;ïU:205: warning: ignoring old recipe for target '.sitearchdir.time'
Makefile:215: warning: overriding recipe for target '.cc.o'
P€Ì;ïU:215: warning: ignoring old recipe for target '.cc.o'
Makefile:219: warning: overriding recipe for target '.cc.S'
P€Ì;ïU:219: warning: ignoring old recipe for target '.cc.S'
Makefile:223: warning: overriding recipe for target '.mm.o'
P€Ì;ïU:223: warning: ignoring old recipe for target '.mm.o'
Makefile:227: warning: overriding recipe for target '.mm.S'
P€Ì;ïU:227: warning: ignoring old recipe for target '.mm.S'
Makefile:231: warning: overriding recipe for target '.cxx.o'
P€Ì;ïU:231: warning: ignoring old recipe for target '.cxx.o'
Makefile:235: warning: overriding recipe for target '.cxx.S'
P€Ì;ïU:235: warning: ignoring old recipe for target '.cxx.S'
Makefile:239: warning: overriding recipe for target '.cpp.o'
P€Ì;ïU:239: warning: ignoring old recipe for target '.cpp.o'
Makefile:243: warning: overriding recipe for target '.cpp.S'
P€Ì;ïU:243: warning: ignoring old recipe for target '.cpp.S'
Makefile:247: warning: overriding recipe for target '.c.o'
P€Ì;ïU:247: warning: ignoring old recipe for target '.c.o'
Makefile:251: warning: overriding recipe for target '.c.S'
P€Ì;ïU:251: warning: ignoring old recipe for target '.c.S'
Makefile:255: warning: overriding recipe for target '.m.o'
P€Ì;ïU:255: warning: ignoring old recipe for target '.m.o'
Makefile:259: warning: overriding recipe for target '.m.S'
P€Ì;ïU:259: warning: ignoring old recipe for target '.m.S'
Makefile:263: warning: overriding recipe for target 'ruby_http_parser.so'
P€Ì;ïU:263: warning: ignoring old recipe for target 'ruby_http_parser.so'
make[1]: Leaving directory '/home/runner/work/R-PUFF/R-PUFF/.vendor/bundle/ruby/3.3.0/gems/http_parser.rb-0.8.0/ext/ruby_http_parser'
