current directory: /home/runner/work/R-PUFF/R-PUFF/.vendor/bundle/ruby/2.7.0/gems/unf_ext-0.0.9.1/ext/unf_ext
/opt/hostedtoolcache/Ruby/2.7.8/x64/bin/ruby -I /opt/hostedtoolcache/Ruby/2.7.8/x64/lib/ruby/2.7.0 -r ./siteconf20231121-11460-1iq9vt8.rb extconf.rb
checking for -lstdc++... yes
creating Makefile

current directory: /home/runner/work/R-PUFF/R-PUFF/.vendor/bundle/ruby/2.7.0/gems/unf_ext-0.0.9.1/ext/unf_ext
make "DESTDIR=" clean
make[1]: Entering directory '/home/runner/work/R-PUFF/R-PUFF/.vendor/bundle/ruby/2.7.0/gems/unf_ext-0.0.9.1/ext/unf_ext'
Makefile:176: warning: overriding recipe for target 'clean'
€ZønEV:176: warning: ignoring old recipe for target 'clean'
Makefile:183: warning: overriding recipe for target 'distclean'
€ZønEV:183: warning: ignoring old recipe for target 'distclean'
Makefile:191: warning: overriding recipe for target 'install-so'
€ZønEV:191: warning: ignoring old recipe for target 'install-so'
Makefile:201: warning: overriding recipe for target 'pre-install-rb-default'
€ZønEV:201: warning: ignoring old recipe for target 'pre-install-rb-default'
Makefile:203: warning: overriding recipe for target '.sitearchdir.time'
€ZønEV:203: warning: ignoring old recipe for target '.sitearchdir.time'
Makefile:213: warning: overriding recipe for target '.cc.o'
€ZønEV:213: warning: ignoring old recipe for target '.cc.o'
Makefile:217: warning: overriding recipe for target '.cc.S'
€ZønEV:217: warning: ignoring old recipe for target '.cc.S'
Makefile:221: warning: overriding recipe for target '.mm.o'
€ZønEV:221: warning: ignoring old recipe for target '.mm.o'
Makefile:225: warning: overriding recipe for target '.mm.S'
€ZønEV:225: warning: ignoring old recipe for target '.mm.S'
Makefile:229: warning: overriding recipe for target '.cxx.o'
€ZønEV:229: warning: ignoring old recipe for target '.cxx.o'
Makefile:233: warning: overriding recipe for target '.cxx.S'
€ZønEV:233: warning: ignoring old recipe for target '.cxx.S'
Makefile:237: warning: overriding recipe for target '.cpp.o'
€ZønEV:237: warning: ignoring old recipe for target '.cpp.o'
Makefile:241: warning: overriding recipe for target '.cpp.S'
€ZønEV:241: warning: ignoring old recipe for target '.cpp.S'
Makefile:245: warning: overriding recipe for target '.c.o'
€ZønEV:245: warning: ignoring old recipe for target '.c.o'
Makefile:249: warning: overriding recipe for target '.c.S'
€ZønEV:249: warning: ignoring old recipe for target '.c.S'
Makefile:253: warning: overriding recipe for target '.m.o'
€ZønEV:253: warning: ignoring old recipe for target '.m.o'
Makefile:257: warning: overriding recipe for target '.m.S'
€ZønEV:257: warning: ignoring old recipe for target '.m.S'
Makefile:261: warning: overriding recipe for target 'unf_ext.so'
€ZønEV:261: warning: ignoring old recipe for target 'unf_ext.so'
make[1]: Leaving directory '/home/runner/work/R-PUFF/R-PUFF/.vendor/bundle/ruby/2.7.0/gems/unf_ext-0.0.9.1/ext/unf_ext'

current directory: /home/runner/work/R-PUFF/R-PUFF/.vendor/bundle/ruby/2.7.0/gems/unf_ext-0.0.9.1/ext/unf_ext
make "DESTDIR="
make[1]: Entering directory '/home/runner/work/R-PUFF/R-PUFF/.vendor/bundle/ruby/2.7.0/gems/unf_ext-0.0.9.1/ext/unf_ext'
Makefile:176: warning: overriding recipe for target 'clean'
€zæî­U:176: warning: ignoring old recipe for target 'clean'
Makefile:183: warning: overriding recipe for target 'distclean'
€zæî­U:183: warning: ignoring old recipe for target 'distclean'
Makefile:191: warning: overriding recipe for target 'install-so'
€zæî­U:191: warning: ignoring old recipe for target 'install-so'
Makefile:201: warning: overriding recipe for target 'pre-install-rb-default'
€zæî­U:201: warning: ignoring old recipe for target 'pre-install-rb-default'
Makefile:203: warning: overriding recipe for target '.sitearchdir.time'
€zæî­U:203: warning: ignoring old recipe for target '.sitearchdir.time'
Makefile:213: warning: overriding recipe for target '.cc.o'
€zæî­U:213: warning: ignoring old recipe for target '.cc.o'
Makefile:217: warning: overriding recipe for target '.cc.S'
€zæî­U:217: warning: ignoring old recipe for target '.cc.S'
Makefile:221: warning: overriding recipe for target '.mm.o'
€zæî­U:221: warning: ignoring old recipe for target '.mm.o'
Makefile:225: warning: overriding recipe for target '.mm.S'
€zæî­U:225: warning: ignoring old recipe for target '.mm.S'
Makefile:229: warning: overriding recipe for target '.cxx.o'
€zæî­U:229: warning: ignoring old recipe for target '.cxx.o'
Makefile:233: warning: overriding recipe for target '.cxx.S'
€zæî­U:233: warning: ignoring old recipe for target '.cxx.S'
Makefile:237: warning: overriding recipe for target '.cpp.o'
€zæî­U:237: warning: ignoring old recipe for target '.cpp.o'
Makefile:241: warning: overriding recipe for target '.cpp.S'
€zæî­U:241: warning: ignoring old recipe for target '.cpp.S'
Makefile:245: warning: overriding recipe for target '.c.o'
€zæî­U:245: warning: ignoring old recipe for target '.c.o'
Makefile:249: warning: overriding recipe for target '.c.S'
€zæî­U:249: warning: ignoring old recipe for target '.c.S'
Makefile:253: warning: overriding recipe for target '.m.o'
€zæî­U:253: warning: ignoring old recipe for target '.m.o'
Makefile:257: warning: overriding recipe for target '.m.S'
€zæî­U:257: warning: ignoring old recipe for target '.m.S'
Makefile:261: warning: overriding recipe for target 'unf_ext.so'
€zæî­U:261: warning: ignoring old recipe for target 'unf_ext.so'
compiling unf.cc
linking shared-object unf_ext.so
make[1]: Leaving directory '/home/runner/work/R-PUFF/R-PUFF/.vendor/bundle/ruby/2.7.0/gems/unf_ext-0.0.9.1/ext/unf_ext'

current directory: /home/runner/work/R-PUFF/R-PUFF/.vendor/bundle/ruby/2.7.0/gems/unf_ext-0.0.9.1/ext/unf_ext
make "DESTDIR=" install
make[1]: Entering directory '/home/runner/work/R-PUFF/R-PUFF/.vendor/bundle/ruby/2.7.0/gems/unf_ext-0.0.9.1/ext/unf_ext'
Makefile:176: warning: overriding recipe for target 'clean'
€*£ÒæU:176: warning: ignoring old recipe for target 'clean'
Makefile:183: warning: overriding recipe for target 'distclean'
€*£ÒæU:183: warning: ignoring old recipe for target 'distclean'
Makefile:191: warning: overriding recipe for target 'install-so'
€*£ÒæU:191: warning: ignoring old recipe for target 'install-so'
Makefile:201: warning: overriding recipe for target 'pre-install-rb-default'
€*£ÒæU:201: warning: ignoring old recipe for target 'pre-install-rb-default'
Makefile:203: warning: overriding recipe for target '.sitearchdir.time'
€*£ÒæU:203: warning: ignoring old recipe for target '.sitearchdir.time'
Makefile:213: warning: overriding recipe for target '.cc.o'
€*£ÒæU:213: warning: ignoring old recipe for target '.cc.o'
Makefile:217: warning: overriding recipe for target '.cc.S'
€*£ÒæU:217: warning: ignoring old recipe for target '.cc.S'
Makefile:221: warning: overriding recipe for target '.mm.o'
€*£ÒæU:221: warning: ignoring old recipe for target '.mm.o'
Makefile:225: warning: overriding recipe for target '.mm.S'
€*£ÒæU:225: warning: ignoring old recipe for target '.mm.S'
Makefile:229: warning: overriding recipe for target '.cxx.o'
€*£ÒæU:229: warning: ignoring old recipe for target '.cxx.o'
Makefile:233: warning: overriding recipe for target '.cxx.S'
€*£ÒæU:233: warning: ignoring old recipe for target '.cxx.S'
Makefile:237: warning: overriding recipe for target '.cpp.o'
€*£ÒæU:237: warning: ignoring old recipe for target '.cpp.o'
Makefile:241: warning: overriding recipe for target '.cpp.S'
€*£ÒæU:241: warning: ignoring old recipe for target '.cpp.S'
Makefile:245: warning: overriding recipe for target '.c.o'
€*£ÒæU:245: warning: ignoring old recipe for target '.c.o'
Makefile:249: warning: overriding recipe for target '.c.S'
€*£ÒæU:249: warning: ignoring old recipe for target '.c.S'
Makefile:253: warning: overriding recipe for target '.m.o'
€*£ÒæU:253: warning: ignoring old recipe for target '.m.o'
Makefile:257: warning: overriding recipe for target '.m.S'
€*£ÒæU:257: warning: ignoring old recipe for target '.m.S'
Makefile:261: warning: overriding recipe for target 'unf_ext.so'
€*£ÒæU:261: warning: ignoring old recipe for target 'unf_ext.so'
/usr/bin/install -c -m 0755 unf_ext.so ./.gem.20231121-11460-1iszkhg
make[1]: Leaving directory '/home/runner/work/R-PUFF/R-PUFF/.vendor/bundle/ruby/2.7.0/gems/unf_ext-0.0.9.1/ext/unf_ext'
